#
# There is insufficient memory for the Java Runtime Environment to continue.
# Native memory allocation (malloc) failed to allocate 1562736 bytes for Chunk::new
# Possible reasons:
#   The system is out of physical RAM or swap space
#   The process is running with CompressedOops enabled, and the Java Heap may be blocking the growth of the native heap
# Possible solutions:
#   Reduce memory load on the system
#   Increase physical memory or swap space
#   Check if swap backing store is full
#   Decrease Java heap size (-Xmx/-Xms)
#   Decrease number of Java threads
#   Decrease Java thread stack sizes (-Xss)
#   Set larger code cache with -XX:ReservedCodeCacheSize=
#   JVM is running with Unscaled Compressed Oops mode in which the Java heap is
#     placed in the first 4GB address space. The Java Heap base address is the
#     maximum limit for the native heap growth. Please use -XX:HeapBaseMinAddress
#     to set the Java Heap base and to place the Java Heap above 4GB virtual address.
# This output file may be truncated or incomplete.
#
#  Out of Memory Error (./src/hotspot/share/memory/arena.cpp:197), pid=4140, tid=19704
#
# JRE version: OpenJDK Runtime Environment (11.0.13) (build 11.0.13+0-b1751.21-8125866)
# Java VM: OpenJDK 64-Bit Server VM (11.0.13+0-b1751.21-8125866, mixed mode, tiered, compressed oops, g1 gc, windows-amd64)
# No core dump will be written. Minidumps are not enabled by default on client versions of Windows
#

---------------  S U M M A R Y ------------

Command Line: --add-opens=java.base/java.util=ALL-UNNAMED --add-opens=java.base/java.lang=ALL-UNNAMED --add-opens=java.base/java.lang.invoke=ALL-UNNAMED --add-opens=java.base/java.util=ALL-UNNAMED --add-opens=java.prefs/java.util.prefs=ALL-UNNAMED --add-opens=java.prefs/java.util.prefs=ALL-UNNAMED --add-opens=java.base/java.nio.charset=ALL-UNNAMED --add-opens=java.base/java.net=ALL-UNNAMED --add-opens=java.base/java.util.concurrent.atomic=ALL-UNNAMED -Xmx2048m -Dfile.encoding=UTF-8 -Duser.country=MX -Duser.language=es -Duser.variant org.gradle.launcher.daemon.bootstrap.GradleDaemon 7.4

Host: 11th Gen Intel(R) Core(TM) i5-11300H @ 3.10GHz, 8 cores, 7G,  Windows 11 , 64 bit Build 22000 (10.0.22000.1335)
Time: Tue Jan 10 19:27:12 2023 Hora estándar central (México) elapsed time: 2529.306350 seconds (0d 0h 42m 9s)

---------------  T H R E A D  ---------------

Current thread (0x000002e415593800):  JavaThread "C2 CompilerThread1" daemon [_thread_in_native, id=19704, stack(0x000000f2c4e00000,0x000000f2c4f00000)]


Current CompileTask:
C2:2529306 30265       4       org.gradle.api.internal.artifacts.ivyservice.ivyresolve.RepositoryChainComponentMetaDataResolver::resolveModule (277 bytes)

Stack: [0x000000f2c4e00000,0x000000f2c4f00000]
Native frames: (J=compiled Java code, j=interpreted, Vv=VM code, C=native code)
V  [jvm.dll+0x6100fa]
V  [jvm.dll+0x747090]
V  [jvm.dll+0x7486ad]
V  [jvm.dll+0x748d83]
V  [jvm.dll+0x24ab48]
V  [jvm.dll+0xc04dc]
V  [jvm.dll+0xc0a0c]
V  [jvm.dll+0x2bfab4]
V  [jvm.dll+0x524238]
V  [jvm.dll+0x204802]
V  [jvm.dll+0x2023c2]
V  [jvm.dll+0x188e01]
V  [jvm.dll+0x21106b]
V  [jvm.dll+0x20f8c1]
V  [jvm.dll+0x70de0f]
V  [jvm.dll+0x706a75]
V  [jvm.dll+0x60ed66]
C  [ucrtbase.dll+0x26c0c]
C  [KERNEL32.DLL+0x155a0]
C  [ntdll.dll+0x485b]


---------------  P R O C E S S  ---------------

Threads class SMR info:
_java_thread_list=0x000002e417569640, length=139, elements={
0x000002e471013800, 0x000002e47c4aa800, 0x000002e47c4ae000, 0x000002e47ce56800,
0x000002e47ce57800, 0x000002e47ce59000, 0x000002e47ce5c000, 0x000002e47ce5f000,
0x000002e47c4d2800, 0x000002e47cfb4000, 0x000002e47f221000, 0x000002e47e487800,
0x000002e47e8e2800, 0x000002e47f995800, 0x000002e47f998800, 0x000002e47f996800,
0x000002e47f997000, 0x000002e47f998000, 0x000002e41065a800, 0x000002e41065a000,
0x000002e41065c800, 0x000002e410660800, 0x000002e410661000, 0x000002e413887000,
0x000002e413885800, 0x000002e41388c000, 0x000002e413886000, 0x000002e41388d800,
0x000002e41388e800, 0x000002e4151ee800, 0x000002e47f999800, 0x000002e47e6d8800,
0x000002e47e6e1000, 0x000002e47e6e2800, 0x000002e4139ba800, 0x000002e4139bb800,
0x000002e4139bc000, 0x000002e4139b9000, 0x000002e4139ba000, 0x000002e4139b8000,
0x000002e4139b6800, 0x000002e4139bd000, 0x000002e4139b7800, 0x000002e4139bf800,
0x000002e4139be800, 0x000002e4139c0800, 0x000002e4139c3000, 0x000002e4139c2000,
0x000002e4139c1000, 0x000002e4139c3800, 0x000002e4139be000, 0x000002e4139c4800,
0x000002e47d517800, 0x000002e47d518000, 0x000002e47d515000, 0x000002e47d519000,
0x000002e47d516000, 0x000002e47d516800, 0x000002e47d514000, 0x000002e47d51f800,
0x000002e47d51a000, 0x000002e47d51c800, 0x000002e47d520800, 0x000002e47d51e000,
0x000002e47d51a800, 0x000002e47d521000, 0x000002e47d51b800, 0x000002e47d522000,
0x000002e47d523000, 0x000002e47d51d000, 0x000002e47f0d4800, 0x000002e47f0d4000,
0x000002e47f0d3000, 0x000002e47f0d5800, 0x000002e47f0d1800, 0x000002e47f0d8000,
0x000002e47f0d2000, 0x000002e47f0da800, 0x000002e47f0db000, 0x000002e47f0d9800,
0x000002e47f0dc000, 0x000002e47f0dd000, 0x000002e47f0dd800, 0x000002e47f0de800,
0x000002e47f0d8800, 0x000002e47f0df000, 0x000002e47f0e0000, 0x000002e4151f0000,
0x000002e4151f1000, 0x000002e4151f1800, 0x000002e4151ec000, 0x000002e4151ef000,
0x000002e4151ec800, 0x000002e4151f3000, 0x000002e4151ed800, 0x000002e4151f8000,
0x000002e4151fa800, 0x000002e4151f6800, 0x000002e4151fa000, 0x000002e4151f7800,
0x000002e4151f5000, 0x000002e4151f9000, 0x000002e4151f5800, 0x000002e47e6da800,
0x000002e47e6db000, 0x000002e47e6d9800, 0x000002e47e6dc000, 0x000002e47e6dd000,
0x000002e47e6d7000, 0x000002e47e6dd800, 0x000002e47e6d8000, 0x000002e47e6e3800,
0x000002e47e6e4000, 0x000002e47e6e0000, 0x000002e47e6e1800, 0x000002e47e6df000,
0x000002e47e6de800, 0x000002e47e6e5000, 0x000002e47e6e5800, 0x000002e41388a000,
0x000002e41388b000, 0x000002e413887800, 0x000002e41388c800, 0x000002e413888800,
0x000002e413889800, 0x000002e413892800, 0x000002e413893000, 0x000002e415593800,
0x000002e413894000, 0x000002e413890000, 0x000002e413891800, 0x000002e413890800,
0x000002e41065d000, 0x000002e41065f800, 0x000002e41065b800, 0x000002e410662000,
0x000002e410664800, 0x000002e410665800, 0x000002e415596000
}

Java Threads: ( => current thread )
  0x000002e471013800 JavaThread "main" [_thread_blocked, id=19032, stack(0x000000f2bcd00000,0x000000f2bce00000)]
  0x000002e47c4aa800 JavaThread "Reference Handler" daemon [_thread_blocked, id=16320, stack(0x000000f2bd400000,0x000000f2bd500000)]
  0x000002e47c4ae000 JavaThread "Finalizer" daemon [_thread_blocked, id=20728, stack(0x000000f2bd500000,0x000000f2bd600000)]
  0x000002e47ce56800 JavaThread "Signal Dispatcher" daemon [_thread_blocked, id=18948, stack(0x000000f2bd600000,0x000000f2bd700000)]
  0x000002e47ce57800 JavaThread "Attach Listener" daemon [_thread_blocked, id=19628, stack(0x000000f2bd700000,0x000000f2bd800000)]
  0x000002e47ce59000 JavaThread "Service Thread" daemon [_thread_blocked, id=12376, stack(0x000000f2bd800000,0x000000f2bd900000)]
  0x000002e47ce5c000 JavaThread "C2 CompilerThread0" daemon [_thread_blocked, id=13836, stack(0x000000f2bd900000,0x000000f2bda00000)]
  0x000002e47ce5f000 JavaThread "C1 CompilerThread0" daemon [_thread_blocked, id=11408, stack(0x000000f2bda00000,0x000000f2bdb00000)]
  0x000002e47c4d2800 JavaThread "Sweeper thread" daemon [_thread_blocked, id=16340, stack(0x000000f2bdb00000,0x000000f2bdc00000)]
  0x000002e47cfb4000 JavaThread "Common-Cleaner" daemon [_thread_blocked, id=19884, stack(0x000000f2bdc00000,0x000000f2bdd00000)]
  0x000002e47f221000 JavaThread "Daemon health stats" [_thread_blocked, id=15504, stack(0x000000f2be200000,0x000000f2be300000)]
  0x000002e47e487800 JavaThread "Incoming local TCP Connector on port 51792" [_thread_in_native, id=18476, stack(0x000000f2bde00000,0x000000f2bdf00000)]
  0x000002e47e8e2800 JavaThread "Daemon periodic checks" [_thread_blocked, id=13720, stack(0x000000f2be100000,0x000000f2be200000)]
  0x000002e47f995800 JavaThread "Cache worker for journal cache (C:\Users\ozaxe\.gradle\caches\journal-1)" [_thread_blocked, id=6120, stack(0x000000f2bef00000,0x000000f2bf000000)]
  0x000002e47f998800 JavaThread "File lock request listener" [_thread_in_native, id=16072, stack(0x000000f2bf000000,0x000000f2bf100000)]
  0x000002e47f996800 JavaThread "Cache worker for file hash cache (C:\Users\ozaxe\.gradle\caches\7.4\fileHashes)" [_thread_blocked, id=15632, stack(0x000000f2bf100000,0x000000f2bf200000)]
  0x000002e47f997000 JavaThread "File watcher server" daemon [_thread_in_native, id=5932, stack(0x000000f2bf500000,0x000000f2bf600000)]
  0x000002e47f998000 JavaThread "File watcher consumer" daemon [_thread_blocked, id=14652, stack(0x000000f2bf600000,0x000000f2bf700000)]
  0x000002e41065a800 JavaThread "Cache worker for execution history cache (C:\Users\ozaxe\.gradle\caches\7.4\executionHistory)" [_thread_blocked, id=21128, stack(0x000000f2bfb00000,0x000000f2bfc00000)]
  0x000002e41065a000 JavaThread "jar transforms" [_thread_blocked, id=18588, stack(0x000000f2bfc00000,0x000000f2bfd00000)]
  0x000002e41065c800 JavaThread "Cache worker for file content cache (C:\Users\ozaxe\.gradle\caches\7.4\fileContent)" [_thread_blocked, id=18824, stack(0x000000f2bfd00000,0x000000f2bfe00000)]
  0x000002e410660800 JavaThread "jar transforms Thread 2" [_thread_blocked, id=8328, stack(0x000000f2bfe00000,0x000000f2bff00000)]
  0x000002e410661000 JavaThread "jar transforms Thread 3" [_thread_blocked, id=2172, stack(0x000000f2c0000000,0x000000f2c0100000)]
  0x000002e413887000 JavaThread "jar transforms Thread 4" [_thread_blocked, id=13004, stack(0x000000f2c5200000,0x000000f2c5300000)]
  0x000002e413885800 JavaThread "jar transforms Thread 5" [_thread_blocked, id=19080, stack(0x000000f2c5300000,0x000000f2c5400000)]
  0x000002e41388c000 JavaThread "jar transforms Thread 6" [_thread_blocked, id=11820, stack(0x000000f2c5400000,0x000000f2c5500000)]
  0x000002e413886000 JavaThread "jar transforms Thread 7" [_thread_blocked, id=13264, stack(0x000000f2c5500000,0x000000f2c5600000)]
  0x000002e41388d800 JavaThread "jar transforms Thread 8" [_thread_blocked, id=16188, stack(0x000000f2c5600000,0x000000f2c5700000)]
  0x000002e41388e800 JavaThread "Memory manager" [_thread_blocked, id=3296, stack(0x000000f2c5700000,0x000000f2c5800000)]
  0x000002e4151ee800 JavaThread "Cache worker for Java compile cache (C:\Users\ozaxe\.gradle\caches\7.4\javaCompile)" [_thread_blocked, id=4056, stack(0x000000f2c6a00000,0x000000f2c6b00000)]
  0x000002e47f999800 JavaThread "ForkJoinPool.commonPool-worker-3" daemon [_thread_blocked, id=20500, stack(0x000000f2c6900000,0x000000f2c6a00000)]
  0x000002e47e6d8800 JavaThread "ForkJoinPool.commonPool-worker-13" daemon [_thread_blocked, id=7348, stack(0x000000f2c7600000,0x000000f2c7700000)]
  0x000002e47e6e1000 JavaThread "ForkJoinPool.commonPool-worker-1" daemon [_thread_blocked, id=18284, stack(0x000000f2c7700000,0x000000f2c7800000)]
  0x000002e47e6e2800 JavaThread "ForkJoinPool.commonPool-worker-9" daemon [_thread_blocked, id=13872, stack(0x000000f2c7a00000,0x000000f2c7b00000)]
  0x000002e4139ba800 JavaThread "Daemon Thread 9" [_thread_blocked, id=17412, stack(0x000000f2bcb00000,0x000000f2bcc00000)]
  0x000002e4139bb800 JavaThread "Handler for socket connection from /127.0.0.1:51792 to /127.0.0.1:53531" [_thread_in_native, id=15444, stack(0x000000f2bcc00000,0x000000f2bcd00000)]
  0x000002e4139bc000 JavaThread "Cancel handler" [_thread_blocked, id=19604, stack(0x000000f2be300000,0x000000f2be400000)]
  0x000002e4139b9000 JavaThread "Daemon worker Thread 9" [_thread_blocked, id=7404, stack(0x000000f2be400000,0x000000f2be500000)]
  0x000002e4139ba000 JavaThread "Asynchronous log dispatcher for DefaultDaemonConnection: socket connection from /127.0.0.1:51792 to /127.0.0.1:53531" [_thread_blocked, id=14212, stack(0x000000f2be500000,0x000000f2be600000)]
  0x000002e4139b8000 JavaThread "Stdin handler" [_thread_blocked, id=21008, stack(0x000000f2be600000,0x000000f2be700000)]
  0x000002e4139b6800 JavaThread "Daemon client event forwarder" [_thread_blocked, id=8428, stack(0x000000f2be700000,0x000000f2be800000)]
  0x000002e4139bd000 JavaThread "Cache worker for checksums cache (C:\Users\ozaxe\AndroidStudioProjects\Firework-Canon-App\Canon\.gradle\7.4\checksums)" [_thread_blocked, id=20416, stack(0x000000f2be800000,0x000000f2be900000)]
  0x000002e4139b7800 JavaThread "Cache worker for cache directory md-rule (C:\Users\ozaxe\.gradle\caches\7.4\md-rule)" [_thread_blocked, id=8312, stack(0x000000f2be900000,0x000000f2bea00000)]
  0x000002e4139bf800 JavaThread "Cache worker for file hash cache (C:\Users\ozaxe\AndroidStudioProjects\Firework-Canon-App\Canon\.gradle\7.4\fileHashes)" [_thread_blocked, id=15832, stack(0x000000f2bf300000,0x000000f2bf400000)]
  0x000002e4139be800 JavaThread "Cache worker for cache directory md-supplier (C:\Users\ozaxe\.gradle\caches\7.4\md-supplier)" [_thread_blocked, id=18176, stack(0x000000f2bf400000,0x000000f2bf500000)]
  0x000002e4139c0800 JavaThread "Cache worker for dependencies-accessors (C:\Users\ozaxe\AndroidStudioProjects\Firework-Canon-App\Canon\.gradle\7.4\dependencies-accessors)" [_thread_blocked, id=15164, stack(0x000000f2bf700000,0x000000f2bf800000)]
  0x000002e4139c3000 JavaThread "Cache worker for Build Output Cleanup Cache (C:\Users\ozaxe\AndroidStudioProjects\Firework-Canon-App\Canon\.gradle\buildOutputCleanup)" [_thread_blocked, id=12056, stack(0x000000f2bf800000,0x000000f2bf900000)]
  0x000002e4139c2000 JavaThread "Unconstrained build operations" [_thread_blocked, id=15340, stack(0x000000f2bf900000,0x000000f2bfa00000)]
  0x000002e4139c1000 JavaThread "Unconstrained build operations Thread 2" [_thread_blocked, id=17276, stack(0x000000f2bfa00000,0x000000f2bfb00000)]
  0x000002e4139c3800 JavaThread "Unconstrained build operations Thread 3" [_thread_blocked, id=12544, stack(0x000000f2bff00000,0x000000f2c0000000)]
  0x000002e4139be000 JavaThread "Unconstrained build operations Thread 4" [_thread_blocked, id=3968, stack(0x000000f2c0100000,0x000000f2c0200000)]
  0x000002e4139c4800 JavaThread "Unconstrained build operations Thread 5" [_thread_blocked, id=2040, stack(0x000000f2c0200000,0x000000f2c0300000)]
  0x000002e47d517800 JavaThread "Unconstrained build operations Thread 6" [_thread_blocked, id=9104, stack(0x000000f2c0300000,0x000000f2c0400000)]
  0x000002e47d518000 JavaThread "Unconstrained build operations Thread 7" [_thread_blocked, id=19324, stack(0x000000f2c0400000,0x000000f2c0500000)]
  0x000002e47d515000 JavaThread "Unconstrained build operations Thread 8" [_thread_blocked, id=20536, stack(0x000000f2c0500000,0x000000f2c0600000)]
  0x000002e47d519000 JavaThread "Unconstrained build operations Thread 9" [_thread_blocked, id=19560, stack(0x000000f2c0600000,0x000000f2c0700000)]
  0x000002e47d516000 JavaThread "Unconstrained build operations Thread 10" [_thread_blocked, id=9440, stack(0x000000f2c0700000,0x000000f2c0800000)]
  0x000002e47d516800 JavaThread "Unconstrained build operations Thread 11" [_thread_blocked, id=20200, stack(0x000000f2c0800000,0x000000f2c0900000)]
  0x000002e47d514000 JavaThread "Unconstrained build operations Thread 12" [_thread_blocked, id=12716, stack(0x000000f2c0900000,0x000000f2c0a00000)]
  0x000002e47d51f800 JavaThread "Unconstrained build operations Thread 13" [_thread_blocked, id=16004, stack(0x000000f2c0a00000,0x000000f2c0b00000)]
  0x000002e47d51a000 JavaThread "Unconstrained build operations Thread 14" [_thread_blocked, id=1116, stack(0x000000f2c0b00000,0x000000f2c0c00000)]
  0x000002e47d51c800 JavaThread "Unconstrained build operations Thread 15" [_thread_blocked, id=10768, stack(0x000000f2c0c00000,0x000000f2c0d00000)]
  0x000002e47d520800 JavaThread "Unconstrained build operations Thread 16" [_thread_blocked, id=19760, stack(0x000000f2c0d00000,0x000000f2c0e00000)]
  0x000002e47d51e000 JavaThread "Unconstrained build operations Thread 17" [_thread_blocked, id=20884, stack(0x000000f2c0e00000,0x000000f2c0f00000)]
  0x000002e47d51a800 JavaThread "Unconstrained build operations Thread 18" [_thread_blocked, id=15652, stack(0x000000f2c0f00000,0x000000f2c1000000)]
  0x000002e47d521000 JavaThread "Unconstrained build operations Thread 19" [_thread_blocked, id=11136, stack(0x000000f2c1000000,0x000000f2c1100000)]
  0x000002e47d51b800 JavaThread "Unconstrained build operations Thread 20" [_thread_blocked, id=15656, stack(0x000000f2c1100000,0x000000f2c1200000)]
  0x000002e47d522000 JavaThread "Unconstrained build operations Thread 21" [_thread_blocked, id=19084, stack(0x000000f2c1200000,0x000000f2c1300000)]
  0x000002e47d523000 JavaThread "Unconstrained build operations Thread 22" [_thread_blocked, id=19020, stack(0x000000f2c1300000,0x000000f2c1400000)]
  0x000002e47d51d000 JavaThread "Unconstrained build operations Thread 23" [_thread_blocked, id=18624, stack(0x000000f2c1400000,0x000000f2c1500000)]
  0x000002e47f0d4800 JavaThread "Unconstrained build operations Thread 24" [_thread_blocked, id=18664, stack(0x000000f2c1500000,0x000000f2c1600000)]
  0x000002e47f0d4000 JavaThread "Unconstrained build operations Thread 25" [_thread_blocked, id=8488, stack(0x000000f2c1600000,0x000000f2c1700000)]
  0x000002e47f0d3000 JavaThread "Unconstrained build operations Thread 26" [_thread_blocked, id=8848, stack(0x000000f2c1700000,0x000000f2c1800000)]
  0x000002e47f0d5800 JavaThread "Unconstrained build operations Thread 27" [_thread_blocked, id=21012, stack(0x000000f2c1800000,0x000000f2c1900000)]
  0x000002e47f0d1800 JavaThread "Unconstrained build operations Thread 28" [_thread_blocked, id=19836, stack(0x000000f2c1900000,0x000000f2c1a00000)]
  0x000002e47f0d8000 JavaThread "Unconstrained build operations Thread 29" [_thread_blocked, id=5680, stack(0x000000f2c1a00000,0x000000f2c1b00000)]
  0x000002e47f0d2000 JavaThread "Unconstrained build operations Thread 30" [_thread_blocked, id=17664, stack(0x000000f2c1b00000,0x000000f2c1c00000)]
  0x000002e47f0da800 JavaThread "Unconstrained build operations Thread 31" [_thread_blocked, id=20872, stack(0x000000f2c1c00000,0x000000f2c1d00000)]
  0x000002e47f0db000 JavaThread "Unconstrained build operations Thread 32" [_thread_blocked, id=4392, stack(0x000000f2c1d00000,0x000000f2c1e00000)]
  0x000002e47f0d9800 JavaThread "Unconstrained build operations Thread 33" [_thread_blocked, id=9880, stack(0x000000f2c1e00000,0x000000f2c1f00000)]
  0x000002e47f0dc000 JavaThread "Unconstrained build operations Thread 34" [_thread_blocked, id=16476, stack(0x000000f2c1f00000,0x000000f2c2000000)]
  0x000002e47f0dd000 JavaThread "Unconstrained build operations Thread 35" [_thread_blocked, id=19616, stack(0x000000f2c2000000,0x000000f2c2100000)]
  0x000002e47f0dd800 JavaThread "Unconstrained build operations Thread 36" [_thread_blocked, id=10428, stack(0x000000f2c2100000,0x000000f2c2200000)]
  0x000002e47f0de800 JavaThread "Unconstrained build operations Thread 37" [_thread_blocked, id=11400, stack(0x000000f2c2200000,0x000000f2c2300000)]
  0x000002e47f0d8800 JavaThread "Unconstrained build operations Thread 38" [_thread_blocked, id=19264, stack(0x000000f2c2300000,0x000000f2c2400000)]
  0x000002e47f0df000 JavaThread "Unconstrained build operations Thread 39" [_thread_blocked, id=21312, stack(0x000000f2c2400000,0x000000f2c2500000)]
  0x000002e47f0e0000 JavaThread "Unconstrained build operations Thread 40" [_thread_blocked, id=13456, stack(0x000000f2c2500000,0x000000f2c2600000)]
  0x000002e4151f0000 JavaThread "Unconstrained build operations Thread 41" [_thread_blocked, id=2628, stack(0x000000f2c2600000,0x000000f2c2700000)]
  0x000002e4151f1000 JavaThread "Unconstrained build operations Thread 42" [_thread_blocked, id=4844, stack(0x000000f2c2700000,0x000000f2c2800000)]
  0x000002e4151f1800 JavaThread "Unconstrained build operations Thread 43" [_thread_blocked, id=8580, stack(0x000000f2c2800000,0x000000f2c2900000)]
  0x000002e4151ec000 JavaThread "Unconstrained build operations Thread 44" [_thread_blocked, id=10676, stack(0x000000f2c2900000,0x000000f2c2a00000)]
  0x000002e4151ef000 JavaThread "Unconstrained build operations Thread 45" [_thread_blocked, id=17608, stack(0x000000f2c2a00000,0x000000f2c2b00000)]
  0x000002e4151ec800 JavaThread "Unconstrained build operations Thread 46" [_thread_blocked, id=18132, stack(0x000000f2c2b00000,0x000000f2c2c00000)]
  0x000002e4151f3000 JavaThread "Unconstrained build operations Thread 47" [_thread_blocked, id=17704, stack(0x000000f2c2c00000,0x000000f2c2d00000)]
  0x000002e4151ed800 JavaThread "Unconstrained build operations Thread 48" [_thread_blocked, id=1668, stack(0x000000f2c2d00000,0x000000f2c2e00000)]
  0x000002e4151f8000 JavaThread "Unconstrained build operations Thread 49" [_thread_blocked, id=20320, stack(0x000000f2c2e00000,0x000000f2c2f00000)]
  0x000002e4151fa800 JavaThread "Unconstrained build operations Thread 50" [_thread_blocked, id=12800, stack(0x000000f2c2f00000,0x000000f2c3000000)]
  0x000002e4151f6800 JavaThread "Unconstrained build operations Thread 51" [_thread_blocked, id=15344, stack(0x000000f2c3000000,0x000000f2c3100000)]
  0x000002e4151fa000 JavaThread "Unconstrained build operations Thread 52" [_thread_blocked, id=8968, stack(0x000000f2c3100000,0x000000f2c3200000)]
  0x000002e4151f7800 JavaThread "Unconstrained build operations Thread 53" [_thread_blocked, id=11976, stack(0x000000f2c3200000,0x000000f2c3300000)]
  0x000002e4151f5000 JavaThread "Unconstrained build operations Thread 54" [_thread_blocked, id=7108, stack(0x000000f2c3300000,0x000000f2c3400000)]
  0x000002e4151f9000 JavaThread "Unconstrained build operations Thread 55" [_thread_blocked, id=15756, stack(0x000000f2c3400000,0x000000f2c3500000)]
  0x000002e4151f5800 JavaThread "Unconstrained build operations Thread 56" [_thread_blocked, id=16080, stack(0x000000f2c3500000,0x000000f2c3600000)]
  0x000002e47e6da800 JavaThread "Unconstrained build operations Thread 57" [_thread_blocked, id=17468, stack(0x000000f2c3600000,0x000000f2c3700000)]
  0x000002e47e6db000 JavaThread "Unconstrained build operations Thread 58" [_thread_blocked, id=7312, stack(0x000000f2c3700000,0x000000f2c3800000)]
  0x000002e47e6d9800 JavaThread "Unconstrained build operations Thread 59" [_thread_blocked, id=4604, stack(0x000000f2c3800000,0x000000f2c3900000)]
  0x000002e47e6dc000 JavaThread "Unconstrained build operations Thread 60" [_thread_blocked, id=8048, stack(0x000000f2c3900000,0x000000f2c3a00000)]
  0x000002e47e6dd000 JavaThread "Unconstrained build operations Thread 61" [_thread_blocked, id=15940, stack(0x000000f2c3a00000,0x000000f2c3b00000)]
  0x000002e47e6d7000 JavaThread "Unconstrained build operations Thread 62" [_thread_blocked, id=5876, stack(0x000000f2c3b00000,0x000000f2c3c00000)]
  0x000002e47e6dd800 JavaThread "Unconstrained build operations Thread 63" [_thread_blocked, id=13932, stack(0x000000f2c3c00000,0x000000f2c3d00000)]
  0x000002e47e6d8000 JavaThread "Unconstrained build operations Thread 64" [_thread_blocked, id=9660, stack(0x000000f2c3d00000,0x000000f2c3e00000)]
  0x000002e47e6e3800 JavaThread "Unconstrained build operations Thread 65" [_thread_blocked, id=19420, stack(0x000000f2c3e00000,0x000000f2c3f00000)]
  0x000002e47e6e4000 JavaThread "Unconstrained build operations Thread 66" [_thread_blocked, id=11340, stack(0x000000f2c3f00000,0x000000f2c4000000)]
  0x000002e47e6e0000 JavaThread "Unconstrained build operations Thread 67" [_thread_blocked, id=10532, stack(0x000000f2c4000000,0x000000f2c4100000)]
  0x000002e47e6e1800 JavaThread "Unconstrained build operations Thread 68" [_thread_blocked, id=8792, stack(0x000000f2c4100000,0x000000f2c4200000)]
  0x000002e47e6df000 JavaThread "Unconstrained build operations Thread 69" [_thread_blocked, id=21268, stack(0x000000f2c4200000,0x000000f2c4300000)]
  0x000002e47e6de800 JavaThread "Unconstrained build operations Thread 70" [_thread_blocked, id=11748, stack(0x000000f2c4300000,0x000000f2c4400000)]
  0x000002e47e6e5000 JavaThread "Unconstrained build operations Thread 71" [_thread_blocked, id=12348, stack(0x000000f2c4400000,0x000000f2c4500000)]
  0x000002e47e6e5800 JavaThread "Unconstrained build operations Thread 72" [_thread_blocked, id=16364, stack(0x000000f2c4500000,0x000000f2c4600000)]
  0x000002e41388a000 JavaThread "Unconstrained build operations Thread 73" [_thread_blocked, id=12536, stack(0x000000f2c4600000,0x000000f2c4700000)]
  0x000002e41388b000 JavaThread "Unconstrained build operations Thread 74" [_thread_blocked, id=1288, stack(0x000000f2c4700000,0x000000f2c4800000)]
  0x000002e413887800 JavaThread "Unconstrained build operations Thread 75" [_thread_blocked, id=20312, stack(0x000000f2c4800000,0x000000f2c4900000)]
  0x000002e41388c800 JavaThread "Unconstrained build operations Thread 76" [_thread_blocked, id=7428, stack(0x000000f2c4900000,0x000000f2c4a00000)]
  0x000002e413888800 JavaThread "Unconstrained build operations Thread 77" [_thread_blocked, id=6408, stack(0x000000f2c4a00000,0x000000f2c4b00000)]
  0x000002e413889800 JavaThread "Unconstrained build operations Thread 78" [_thread_blocked, id=15668, stack(0x000000f2c4b00000,0x000000f2c4c00000)]
  0x000002e413892800 JavaThread "Unconstrained build operations Thread 79" [_thread_blocked, id=3032, stack(0x000000f2c4c00000,0x000000f2c4d00000)]
  0x000002e413893000 JavaThread "Unconstrained build operations Thread 80" [_thread_blocked, id=20828, stack(0x000000f2c4d00000,0x000000f2c4e00000)]
=>0x000002e415593800 JavaThread "C2 CompilerThread1" daemon [_thread_in_native, id=19704, stack(0x000000f2c4e00000,0x000000f2c4f00000)]
  0x000002e413894000 JavaThread "build event listener" [_thread_blocked, id=20364, stack(0x000000f2c4f00000,0x000000f2c5000000)]
  0x000002e413890000 JavaThread "included builds" [_thread_blocked, id=12604, stack(0x000000f2c5000000,0x000000f2c5100000)]
  0x000002e413891800 JavaThread "Execution worker for ':'" [_thread_in_Java, id=17816, stack(0x000000f2c5100000,0x000000f2c5200000)]
  0x000002e413890800 JavaThread "Execution worker for ':' Thread 2" [_thread_blocked, id=7700, stack(0x000000f2c5800000,0x000000f2c5900000)]
  0x000002e41065d000 JavaThread "Execution worker for ':' Thread 3" [_thread_blocked, id=14748, stack(0x000000f2c5900000,0x000000f2c5a00000)]
  0x000002e41065f800 JavaThread "Execution worker for ':' Thread 4" [_thread_blocked, id=12304, stack(0x000000f2c5a00000,0x000000f2c5b00000)]
  0x000002e41065b800 JavaThread "Execution worker for ':' Thread 5" [_thread_blocked, id=14264, stack(0x000000f2c5b00000,0x000000f2c5c00000)]
  0x000002e410662000 JavaThread "Execution worker for ':' Thread 6" [_thread_blocked, id=12724, stack(0x000000f2c5c00000,0x000000f2c5d00000)]
  0x000002e410664800 JavaThread "Execution worker for ':' Thread 7" [_thread_blocked, id=19972, stack(0x000000f2c5d00000,0x000000f2c5e00000)]
  0x000002e410665800 JavaThread "Cache worker for execution history cache (C:\Users\ozaxe\AndroidStudioProjects\Firework-Canon-App\Canon\.gradle\7.4\executionHistory)" [_thread_blocked, id=3448, stack(0x000000f2c5e00000,0x000000f2c5f00000)]
  0x000002e415596000 JavaThread "C2 CompilerThread2" daemon [_thread_in_native, id=2984, stack(0x000000f2c5f00000,0x000000f2c6000000)]

Other Threads:
  0x000002e47c4a5000 VMThread "VM Thread" [stack: 0x000000f2bd300000,0x000000f2bd400000] [id=19228]
  0x000002e47cfe5800 WatcherThread [stack: 0x000000f2bdd00000,0x000000f2bde00000] [id=8596]
  0x000002e471028000 GCTaskThread "GC Thread#0" [stack: 0x000000f2bce00000,0x000000f2bcf00000] [id=1872]
  0x000002e47d19e000 GCTaskThread "GC Thread#1" [stack: 0x000000f2bdf00000,0x000000f2be000000] [id=9884]
  0x000002e47dd8e800 GCTaskThread "GC Thread#2" [stack: 0x000000f2be000000,0x000000f2be100000] [id=19376]
  0x000002e47f9a0800 GCTaskThread "GC Thread#3" [stack: 0x000000f2bea00000,0x000000f2beb00000] [id=16256]
  0x000002e47f633000 GCTaskThread "GC Thread#4" [stack: 0x000000f2beb00000,0x000000f2bec00000] [id=20552]
  0x000002e47f633800 GCTaskThread "GC Thread#5" [stack: 0x000000f2bec00000,0x000000f2bed00000] [id=5816]
  0x000002e47f7ae800 GCTaskThread "GC Thread#6" [stack: 0x000000f2bed00000,0x000000f2bee00000] [id=4920]
  0x000002e47f7af000 GCTaskThread "GC Thread#7" [stack: 0x000000f2bee00000,0x000000f2bef00000] [id=16632]
  0x000002e47105a000 ConcurrentGCThread "G1 Main Marker" [stack: 0x000000f2bcf00000,0x000000f2bd000000] [id=20044]
  0x000002e47105c000 ConcurrentGCThread "G1 Conc#0" [stack: 0x000000f2bd000000,0x000000f2bd100000] [id=14904]
  0x000002e47ef02000 ConcurrentGCThread "G1 Conc#1" [stack: 0x000000f2bf200000,0x000000f2bf300000] [id=14100]
  0x000002e47c2f0800 ConcurrentGCThread "G1 Refine#0" [stack: 0x000000f2bd100000,0x000000f2bd200000] [id=20776]
  0x000002e40fe78800 ConcurrentGCThread "G1 Refine#1" [stack: 0x000000f2c6200000,0x000000f2c6300000] [id=5196]
  0x000002e40fe73800 ConcurrentGCThread "G1 Refine#2" [stack: 0x000000f2c6300000,0x000000f2c6400000] [id=2652]
  0x000002e47c2f1800 ConcurrentGCThread "G1 Young RemSet Sampling" [stack: 0x000000f2bd200000,0x000000f2bd300000] [id=6412]

Threads with active compile tasks:
C2 CompilerThread02529354 30291   !   4       com.android.ide.common.resources.ResourceSet::createFileAndItemsFromXml (583 bytes)
C2 CompilerThread12529354 30265       4       org.gradle.api.internal.artifacts.ivyservice.ivyresolve.RepositoryChainComponentMetaDataResolver::resolveModule (277 bytes)
C2 CompilerThread22529354 30288       4       com.android.ide.common.resources.ValueResourceNameValidator::getErrorText (144 bytes)

VM state:not at safepoint (normal execution)

VM Mutex/Monitor currently owned by a thread: None

Heap address: 0x0000000080000000, size: 2048 MB, Compressed Oops mode: 32-bit
Narrow klass base: 0x0000000000000000, Narrow klass shift: 3
Compressed class space size: 1073741824 Address: 0x0000000100000000

Heap:
 garbage-first heap   total 235520K, used 117539K [0x0000000080000000, 0x0000000100000000)
  region size 1024K, 6 young (6144K), 2 survivors (2048K)
 Metaspace       used 133910K, capacity 138660K, committed 139004K, reserved 1169408K
  class space    used 16355K, capacity 18070K, committed 18252K, reserved 1048576K
Heap Regions: E=young(eden), S=young(survivor), O=old, HS=humongous(starts), HC=humongous(continues), CS=collection set, F=free, A=archive, TAMS=top-at-mark-start (previous, next)
|   0|0x0000000080000000, 0x0000000080100000, 0x0000000080100000|100%| O|  |TAMS 0x0000000080100000, 0x0000000080000000| Untracked 
|   1|0x0000000080100000, 0x0000000080200000, 0x0000000080200000|100%| O|  |TAMS 0x0000000080200000, 0x0000000080100000| Untracked 
|   2|0x0000000080200000, 0x0000000080300000, 0x0000000080300000|100%| O|  |TAMS 0x0000000080300000, 0x0000000080200000| Untracked 
|   3|0x0000000080300000, 0x0000000080400000, 0x0000000080400000|100%|HS|  |TAMS 0x0000000080400000, 0x0000000080300000| Complete 
|   4|0x0000000080400000, 0x0000000080500000, 0x0000000080500000|100%|HC|  |TAMS 0x0000000080500000, 0x0000000080400000| Complete 
|   5|0x0000000080500000, 0x0000000080600000, 0x0000000080600000|100%|HC|  |TAMS 0x0000000080600000, 0x0000000080500000| Complete 
|   6|0x0000000080600000, 0x0000000080700000, 0x0000000080700000|100%| O|  |TAMS 0x0000000080700000, 0x0000000080600000| Untracked 
|   7|0x0000000080700000, 0x0000000080800000, 0x0000000080800000|100%| O|  |TAMS 0x0000000080800000, 0x0000000080700000| Untracked 
|   8|0x0000000080800000, 0x0000000080900000, 0x0000000080900000|100%| O|  |TAMS 0x0000000080900000, 0x0000000080800000| Untracked 
|   9|0x0000000080900000, 0x0000000080a00000, 0x0000000080a00000|100%| O|  |TAMS 0x0000000080a00000, 0x0000000080900000| Untracked 
|  10|0x0000000080a00000, 0x0000000080b00000, 0x0000000080b00000|100%| O|  |TAMS 0x0000000080b00000, 0x0000000080a00000| Untracked 
|  11|0x0000000080b00000, 0x0000000080c00000, 0x0000000080c00000|100%| O|  |TAMS 0x0000000080c00000, 0x0000000080b00000| Untracked 
|  12|0x0000000080c00000, 0x0000000080d00000, 0x0000000080d00000|100%| O|  |TAMS 0x0000000080d00000, 0x0000000080c00000| Untracked 
|  13|0x0000000080d00000, 0x0000000080e00000, 0x0000000080e00000|100%| O|  |TAMS 0x0000000080e00000, 0x0000000080d00000| Untracked 
|  14|0x0000000080e00000, 0x0000000080f00000, 0x0000000080f00000|100%| O|  |TAMS 0x0000000080f00000, 0x0000000080e00000| Untracked 
|  15|0x0000000080f00000, 0x0000000081000000, 0x0000000081000000|100%| O|  |TAMS 0x0000000081000000, 0x0000000080f00000| Untracked 
|  16|0x0000000081000000, 0x0000000081100000, 0x0000000081100000|100%|HS|  |TAMS 0x0000000081100000, 0x0000000081000000| Complete 
|  17|0x0000000081100000, 0x0000000081200000, 0x0000000081200000|100%| O|  |TAMS 0x0000000081200000, 0x0000000081100000| Untracked 
|  18|0x0000000081200000, 0x0000000081300000, 0x0000000081300000|100%| O|  |TAMS 0x0000000081300000, 0x0000000081200000| Untracked 
|  19|0x0000000081300000, 0x0000000081400000, 0x0000000081400000|100%| O|  |TAMS 0x0000000081400000, 0x0000000081300000| Untracked 
|  20|0x0000000081400000, 0x0000000081500000, 0x0000000081500000|100%| O|  |TAMS 0x0000000081500000, 0x0000000081400000| Untracked 
|  21|0x0000000081500000, 0x0000000081600000, 0x0000000081600000|100%| O|  |TAMS 0x0000000081600000, 0x0000000081500000| Untracked 
|  22|0x0000000081600000, 0x0000000081700000, 0x0000000081700000|100%| O|  |TAMS 0x0000000081700000, 0x0000000081600000| Untracked 
|  23|0x0000000081700000, 0x0000000081800000, 0x0000000081800000|100%| O|  |TAMS 0x0000000081800000, 0x0000000081700000| Untracked 
|  24|0x0000000081800000, 0x0000000081900000, 0x0000000081900000|100%| O|  |TAMS 0x0000000081900000, 0x0000000081800000| Untracked 
|  25|0x0000000081900000, 0x0000000081a00000, 0x0000000081a00000|100%| O|  |TAMS 0x0000000081a00000, 0x0000000081900000| Untracked 
|  26|0x0000000081a00000, 0x0000000081b00000, 0x0000000081b00000|100%| O|  |TAMS 0x0000000081b00000, 0x0000000081a00000| Untracked 
|  27|0x0000000081b00000, 0x0000000081c00000, 0x0000000081c00000|100%| O|  |TAMS 0x0000000081c00000, 0x0000000081b00000| Untracked 
|  28|0x0000000081c00000, 0x0000000081d00000, 0x0000000081d00000|100%|HS|  |TAMS 0x0000000081d00000, 0x0000000081c00000| Complete 
|  29|0x0000000081d00000, 0x0000000081e00000, 0x0000000081e00000|100%| O|  |TAMS 0x0000000081e00000, 0x0000000081d00000| Untracked 
|  30|0x0000000081e00000, 0x0000000081f00000, 0x0000000081f00000|100%|HS|  |TAMS 0x0000000081f00000, 0x0000000081e00000| Complete 
|  31|0x0000000081f00000, 0x0000000082000000, 0x0000000082000000|100%|HC|  |TAMS 0x0000000082000000, 0x0000000081f00000| Complete 
|  32|0x0000000082000000, 0x0000000082100000, 0x0000000082100000|100%| O|  |TAMS 0x0000000082100000, 0x0000000082000000| Untracked 
|  33|0x0000000082100000, 0x0000000082200000, 0x0000000082200000|100%| O|  |TAMS 0x0000000082200000, 0x0000000082100000| Untracked 
|  34|0x0000000082200000, 0x0000000082300000, 0x0000000082300000|100%| O|  |TAMS 0x0000000082300000, 0x0000000082200000| Untracked 
|  35|0x0000000082300000, 0x0000000082400000, 0x0000000082400000|100%| O|  |TAMS 0x0000000082400000, 0x0000000082300000| Untracked 
|  36|0x0000000082400000, 0x0000000082500000, 0x0000000082500000|100%| O|  |TAMS 0x0000000082500000, 0x0000000082400000| Untracked 
|  37|0x0000000082500000, 0x0000000082600000, 0x0000000082600000|100%| O|  |TAMS 0x0000000082600000, 0x0000000082500000| Untracked 
|  38|0x0000000082600000, 0x0000000082700000, 0x0000000082700000|100%| O|  |TAMS 0x0000000082700000, 0x0000000082600000| Untracked 
|  39|0x0000000082700000, 0x0000000082800000, 0x0000000082800000|100%| O|  |TAMS 0x0000000082800000, 0x0000000082700000| Untracked 
|  40|0x0000000082800000, 0x0000000082900000, 0x0000000082900000|100%| O|  |TAMS 0x0000000082900000, 0x0000000082800000| Untracked 
|  41|0x0000000082900000, 0x0000000082a00000, 0x0000000082a00000|100%| O|  |TAMS 0x0000000082a00000, 0x0000000082900000| Untracked 
|  42|0x0000000082a00000, 0x0000000082b00000, 0x0000000082b00000|100%| O|  |TAMS 0x0000000082a00000, 0x0000000082a00000| Untracked 
|  43|0x0000000082b00000, 0x0000000082c00000, 0x0000000082c00000|100%| O|  |TAMS 0x0000000082c00000, 0x0000000082b00000| Untracked 
|  44|0x0000000082c00000, 0x0000000082d00000, 0x0000000082d00000|100%| O|  |TAMS 0x0000000082d00000, 0x0000000082c00000| Untracked 
|  45|0x0000000082d00000, 0x0000000082e00000, 0x0000000082e00000|100%| O|  |TAMS 0x0000000082d00000, 0x0000000082d00000| Untracked 
|  46|0x0000000082e00000, 0x0000000082f00000, 0x0000000082f00000|100%| O|  |TAMS 0x0000000082f00000, 0x0000000082e00000| Untracked 
|  47|0x0000000082f00000, 0x0000000082f00000, 0x0000000083000000|  0%| F|  |TAMS 0x0000000082f00000, 0x0000000082f00000| Untracked 
|  48|0x0000000083000000, 0x0000000083000000, 0x0000000083100000|  0%| F|  |TAMS 0x0000000083000000, 0x0000000083000000| Untracked 
|  49|0x0000000083100000, 0x0000000083200000, 0x0000000083200000|100%| O|  |TAMS 0x0000000083200000, 0x0000000083100000| Untracked 
|  50|0x0000000083200000, 0x0000000083300000, 0x0000000083300000|100%| O|  |TAMS 0x0000000083300000, 0x0000000083200000| Untracked 
|  51|0x0000000083300000, 0x0000000083400000, 0x0000000083400000|100%| O|  |TAMS 0x0000000083300000, 0x0000000083300000| Untracked 
|  52|0x0000000083400000, 0x0000000083500000, 0x0000000083500000|100%| O|  |TAMS 0x0000000083400000, 0x0000000083400000| Untracked 
|  53|0x0000000083500000, 0x0000000083600000, 0x0000000083600000|100%| O|  |TAMS 0x0000000083500000, 0x0000000083500000| Untracked 
|  54|0x0000000083600000, 0x0000000083700000, 0x0000000083700000|100%| O|  |TAMS 0x0000000083700000, 0x0000000083600000| Untracked 
|  55|0x0000000083700000, 0x0000000083800000, 0x0000000083800000|100%| O|  |TAMS 0x0000000083800000, 0x0000000083700000| Untracked 
|  56|0x0000000083800000, 0x0000000083900000, 0x0000000083900000|100%| O|  |TAMS 0x0000000083900000, 0x0000000083800000| Untracked 
|  57|0x0000000083900000, 0x0000000083a00000, 0x0000000083a00000|100%| O|  |TAMS 0x0000000083a00000, 0x0000000083900000| Untracked 
|  58|0x0000000083a00000, 0x0000000083a00000, 0x0000000083b00000|  0%| F|  |TAMS 0x0000000083a00000, 0x0000000083a00000| Untracked 
|  59|0x0000000083b00000, 0x0000000083c00000, 0x0000000083c00000|100%| O|  |TAMS 0x0000000083c00000, 0x0000000083b00000| Untracked 
|  60|0x0000000083c00000, 0x0000000083d00000, 0x0000000083d00000|100%| O|  |TAMS 0x0000000083c00000, 0x0000000083c00000| Untracked 
|  61|0x0000000083d00000, 0x0000000083e00000, 0x0000000083e00000|100%| O|  |TAMS 0x0000000083d00000, 0x0000000083d00000| Untracked 
|  62|0x0000000083e00000, 0x0000000083f00000, 0x0000000083f00000|100%| O|  |TAMS 0x0000000083f00000, 0x0000000083e00000| Untracked 
|  63|0x0000000083f00000, 0x0000000083f00000, 0x0000000084000000|  0%| F|  |TAMS 0x0000000083f00000, 0x0000000083f00000| Untracked 
|  64|0x0000000084000000, 0x0000000084100000, 0x0000000084100000|100%| O|  |TAMS 0x0000000084100000, 0x0000000084000000| Untracked 
|  65|0x0000000084100000, 0x0000000084200000, 0x0000000084200000|100%| O|  |TAMS 0x0000000084200000, 0x0000000084100000| Untracked 
|  66|0x0000000084200000, 0x0000000084300000, 0x0000000084300000|100%| O|  |TAMS 0x0000000084300000, 0x0000000084200000| Untracked 
|  67|0x0000000084300000, 0x0000000084400000, 0x0000000084400000|100%| O|  |TAMS 0x0000000084400000, 0x0000000084300000| Untracked 
|  68|0x0000000084400000, 0x0000000084500000, 0x0000000084500000|100%| O|  |TAMS 0x0000000084500000, 0x0000000084400000| Untracked 
|  69|0x0000000084500000, 0x0000000084600000, 0x0000000084600000|100%| O|  |TAMS 0x0000000084600000, 0x0000000084500000| Untracked 
|  70|0x0000000084600000, 0x0000000084700000, 0x0000000084700000|100%| O|  |TAMS 0x0000000084700000, 0x0000000084600000| Untracked 
|  71|0x0000000084700000, 0x0000000084800000, 0x0000000084800000|100%| O|  |TAMS 0x0000000084700000, 0x0000000084700000| Untracked 
|  72|0x0000000084800000, 0x0000000084900000, 0x0000000084900000|100%| O|  |TAMS 0x0000000084800000, 0x0000000084800000| Untracked 
|  73|0x0000000084900000, 0x0000000084a00000, 0x0000000084a00000|100%| O|  |TAMS 0x0000000084a00000, 0x0000000084900000| Untracked 
|  74|0x0000000084a00000, 0x0000000084a00000, 0x0000000084b00000|  0%| F|  |TAMS 0x0000000084a00000, 0x0000000084a00000| Untracked 
|  75|0x0000000084b00000, 0x0000000084c00000, 0x0000000084c00000|100%| O|  |TAMS 0x0000000084c00000, 0x0000000084b00000| Untracked 
|  76|0x0000000084c00000, 0x0000000084d00000, 0x0000000084d00000|100%| O|  |TAMS 0x0000000084d00000, 0x0000000084c00000| Untracked 
|  77|0x0000000084d00000, 0x0000000084e00000, 0x0000000084e00000|100%| O|  |TAMS 0x0000000084e00000, 0x0000000084d00000| Untracked 
|  78|0x0000000084e00000, 0x0000000084f00000, 0x0000000084f00000|100%| O|  |TAMS 0x0000000084f00000, 0x0000000084e00000| Untracked 
|  79|0x0000000084f00000, 0x0000000085000000, 0x0000000085000000|100%| O|  |TAMS 0x0000000085000000, 0x0000000084f00000| Untracked 
|  80|0x0000000085000000, 0x0000000085100000, 0x0000000085100000|100%| O|  |TAMS 0x0000000085100000, 0x0000000085000000| Untracked 
|  81|0x0000000085100000, 0x0000000085200000, 0x0000000085200000|100%| O|  |TAMS 0x0000000085200000, 0x0000000085100000| Untracked 
|  82|0x0000000085200000, 0x0000000085300000, 0x0000000085300000|100%| O|  |TAMS 0x0000000085300000, 0x0000000085200000| Untracked 
|  83|0x0000000085300000, 0x0000000085400000, 0x0000000085400000|100%| O|  |TAMS 0x0000000085300000, 0x0000000085300000| Untracked 
|  84|0x0000000085400000, 0x0000000085500000, 0x0000000085500000|100%| O|  |TAMS 0x0000000085500000, 0x0000000085400000| Untracked 
|  85|0x0000000085500000, 0x0000000085600000, 0x0000000085600000|100%| O|  |TAMS 0x0000000085600000, 0x0000000085500000| Untracked 
|  86|0x0000000085600000, 0x0000000085700000, 0x0000000085700000|100%| O|  |TAMS 0x0000000085700000, 0x0000000085600000| Untracked 
|  87|0x0000000085700000, 0x0000000085800000, 0x0000000085800000|100%| O|  |TAMS 0x0000000085800000, 0x0000000085700000| Untracked 
|  88|0x0000000085800000, 0x0000000085900000, 0x0000000085900000|100%| O|  |TAMS 0x0000000085900000, 0x0000000085800000| Untracked 
|  89|0x0000000085900000, 0x0000000085a00000, 0x0000000085a00000|100%| O|  |TAMS 0x0000000085a00000, 0x0000000085900000| Untracked 
|  90|0x0000000085a00000, 0x0000000085b00000, 0x0000000085b00000|100%| O|  |TAMS 0x0000000085b00000, 0x0000000085a00000| Untracked 
|  91|0x0000000085b00000, 0x0000000085c00000, 0x0000000085c00000|100%| O|  |TAMS 0x0000000085c00000, 0x0000000085b00000| Untracked 
|  92|0x0000000085c00000, 0x0000000085d00000, 0x0000000085d00000|100%| O|  |TAMS 0x0000000085d00000, 0x0000000085c00000| Untracked 
|  93|0x0000000085d00000, 0x0000000085e00000, 0x0000000085e00000|100%| O|  |TAMS 0x0000000085e00000, 0x0000000085d00000| Untracked 
|  94|0x0000000085e00000, 0x0000000085f00000, 0x0000000085f00000|100%| O|  |TAMS 0x0000000085f00000, 0x0000000085e00000| Untracked 
|  95|0x0000000085f00000, 0x0000000086000000, 0x0000000086000000|100%| O|  |TAMS 0x0000000086000000, 0x0000000085f00000| Untracked 
|  96|0x0000000086000000, 0x0000000086100000, 0x0000000086100000|100%| O|  |TAMS 0x0000000086100000, 0x0000000086000000| Untracked 
|  97|0x0000000086100000, 0x0000000086200000, 0x0000000086200000|100%| O|  |TAMS 0x0000000086200000, 0x0000000086100000| Untracked 
|  98|0x0000000086200000, 0x0000000086200000, 0x0000000086300000|  0%| F|  |TAMS 0x0000000086200000, 0x0000000086200000| Untracked 
|  99|0x0000000086300000, 0x0000000086400000, 0x0000000086400000|100%| O|  |TAMS 0x0000000086300000, 0x0000000086300000| Untracked 
| 100|0x0000000086400000, 0x0000000086400000, 0x0000000086500000|  0%| F|  |TAMS 0x0000000086400000, 0x0000000086400000| Untracked 
| 101|0x0000000086500000, 0x0000000086600000, 0x0000000086600000|100%| O|  |TAMS 0x0000000086600000, 0x0000000086500000| Untracked 
| 102|0x0000000086600000, 0x0000000086700000, 0x0000000086700000|100%| O|  |TAMS 0x0000000086700000, 0x0000000086600000| Untracked 
| 103|0x0000000086700000, 0x0000000086700000, 0x0000000086800000|  0%| F|  |TAMS 0x0000000086700000, 0x0000000086700000| Untracked 
| 104|0x0000000086800000, 0x0000000086800000, 0x0000000086900000|  0%| F|  |TAMS 0x0000000086800000, 0x0000000086800000| Untracked 
| 105|0x0000000086900000, 0x0000000086900000, 0x0000000086a00000|  0%| F|  |TAMS 0x0000000086900000, 0x0000000086900000| Untracked 
| 106|0x0000000086a00000, 0x0000000086b00000, 0x0000000086b00000|100%| O|  |TAMS 0x0000000086a00000, 0x0000000086a00000| Untracked 
| 107|0x0000000086b00000, 0x0000000086c00000, 0x0000000086c00000|100%| O|  |TAMS 0x0000000086b00000, 0x0000000086b00000| Untracked 
| 108|0x0000000086c00000, 0x0000000086d00000, 0x0000000086d00000|100%| O|  |TAMS 0x0000000086c00000, 0x0000000086c00000| Untracked 
| 109|0x0000000086d00000, 0x0000000086e00000, 0x0000000086e00000|100%| O|  |TAMS 0x0000000086d00000, 0x0000000086d00000| Untracked 
| 110|0x0000000086e00000, 0x0000000086e00000, 0x0000000086f00000|  0%| F|  |TAMS 0x0000000086e00000, 0x0000000086e00000| Untracked 
| 111|0x0000000086f00000, 0x0000000086f00000, 0x0000000087000000|  0%| F|  |TAMS 0x0000000086f00000, 0x0000000086f00000| Untracked 
| 112|0x0000000087000000, 0x0000000087100000, 0x0000000087100000|100%| O|  |TAMS 0x0000000087000000, 0x0000000087000000| Untracked 
| 113|0x0000000087100000, 0x0000000087200000, 0x0000000087200000|100%| O|  |TAMS 0x0000000087200000, 0x0000000087100000| Untracked 
| 114|0x0000000087200000, 0x0000000087300000, 0x0000000087300000|100%| O|  |TAMS 0x0000000087300000, 0x0000000087200000| Untracked 
| 115|0x0000000087300000, 0x0000000087400000, 0x0000000087400000|100%| O|  |TAMS 0x0000000087400000, 0x0000000087300000| Untracked 
| 116|0x0000000087400000, 0x0000000087500000, 0x0000000087500000|100%| O|  |TAMS 0x000000008743b400, 0x0000000087400000| Untracked 
| 117|0x0000000087500000, 0x00000000875c8c00, 0x0000000087600000| 78%| O|  |TAMS 0x0000000087500000, 0x0000000087500000| Untracked 
| 118|0x0000000087600000, 0x0000000087600000, 0x0000000087700000|  0%| F|  |TAMS 0x0000000087600000, 0x0000000087600000| Untracked 
| 119|0x0000000087700000, 0x0000000087700000, 0x0000000087800000|  0%| F|  |TAMS 0x0000000087700000, 0x0000000087700000| Untracked 
| 120|0x0000000087800000, 0x0000000087800000, 0x0000000087900000|  0%| F|  |TAMS 0x0000000087800000, 0x0000000087800000| Untracked 
| 121|0x0000000087900000, 0x0000000087900000, 0x0000000087a00000|  0%| F|  |TAMS 0x0000000087900000, 0x0000000087900000| Untracked 
| 122|0x0000000087a00000, 0x0000000087a00000, 0x0000000087b00000|  0%| F|  |TAMS 0x0000000087a00000, 0x0000000087a00000| Untracked 
| 123|0x0000000087b00000, 0x0000000087b00000, 0x0000000087c00000|  0%| F|  |TAMS 0x0000000087b00000, 0x0000000087b00000| Untracked 
| 124|0x0000000087c00000, 0x0000000087c00000, 0x0000000087d00000|  0%| F|  |TAMS 0x0000000087c00000, 0x0000000087c00000| Untracked 
| 125|0x0000000087d00000, 0x0000000087d00000, 0x0000000087e00000|  0%| F|  |TAMS 0x0000000087d00000, 0x0000000087d00000| Untracked 
| 126|0x0000000087e00000, 0x0000000087e00000, 0x0000000087f00000|  0%| F|  |TAMS 0x0000000087e00000, 0x0000000087e00000| Untracked 
| 127|0x0000000087f00000, 0x0000000087f00000, 0x0000000088000000|  0%| F|  |TAMS 0x0000000087f00000, 0x0000000087f00000| Untracked 
| 128|0x0000000088000000, 0x0000000088000000, 0x0000000088100000|  0%| F|  |TAMS 0x0000000088000000, 0x0000000088000000| Untracked 
| 129|0x0000000088100000, 0x0000000088200000, 0x0000000088200000|100%| O|  |TAMS 0x0000000088100000, 0x0000000088100000| Untracked 
| 130|0x0000000088200000, 0x0000000088200000, 0x0000000088300000|  0%| F|  |TAMS 0x0000000088200000, 0x0000000088200000| Untracked 
| 131|0x0000000088300000, 0x0000000088400000, 0x0000000088400000|100%| O|  |TAMS 0x0000000088400000, 0x0000000088300000| Untracked 
| 132|0x0000000088400000, 0x0000000088400000, 0x0000000088500000|  0%| F|  |TAMS 0x0000000088400000, 0x0000000088400000| Untracked 
| 133|0x0000000088500000, 0x0000000088600000, 0x0000000088600000|100%| O|  |TAMS 0x0000000088600000, 0x0000000088500000| Untracked 
| 134|0x0000000088600000, 0x0000000088700000, 0x0000000088700000|100%| O|  |TAMS 0x0000000088700000, 0x0000000088600000| Untracked 
| 135|0x0000000088700000, 0x0000000088700000, 0x0000000088800000|  0%| F|  |TAMS 0x0000000088700000, 0x0000000088700000| Untracked 
| 136|0x0000000088800000, 0x0000000088800000, 0x0000000088900000|  0%| F|  |TAMS 0x0000000088800000, 0x0000000088800000| Untracked 
| 137|0x0000000088900000, 0x0000000088900000, 0x0000000088a00000|  0%| F|  |TAMS 0x0000000088900000, 0x0000000088900000| Untracked 
| 138|0x0000000088a00000, 0x0000000088a00000, 0x0000000088b00000|  0%| F|  |TAMS 0x0000000088a00000, 0x0000000088a00000| Untracked 
| 139|0x0000000088b00000, 0x0000000088b00000, 0x0000000088c00000|  0%| F|  |TAMS 0x0000000088b00000, 0x0000000088b00000| Untracked 
| 140|0x0000000088c00000, 0x0000000088c00000, 0x0000000088d00000|  0%| F|  |TAMS 0x0000000088c00000, 0x0000000088c00000| Untracked 
| 141|0x0000000088d00000, 0x0000000088d00000, 0x0000000088e00000|  0%| F|  |TAMS 0x0000000088d00000, 0x0000000088d00000| Untracked 
| 142|0x0000000088e00000, 0x0000000088e00000, 0x0000000088f00000|  0%| F|  |TAMS 0x0000000088e00000, 0x0000000088e00000| Untracked 
| 143|0x0000000088f00000, 0x0000000088f00000, 0x0000000089000000|  0%| F|  |TAMS 0x0000000088f00000, 0x0000000088f00000| Untracked 
| 144|0x0000000089000000, 0x0000000089000000, 0x0000000089100000|  0%| F|  |TAMS 0x0000000089000000, 0x0000000089000000| Untracked 
| 145|0x0000000089100000, 0x0000000089100000, 0x0000000089200000|  0%| F|  |TAMS 0x0000000089100000, 0x0000000089100000| Untracked 
| 146|0x0000000089200000, 0x0000000089200000, 0x0000000089300000|  0%| F|  |TAMS 0x0000000089200000, 0x0000000089200000| Untracked 
| 147|0x0000000089300000, 0x0000000089300000, 0x0000000089400000|  0%| F|  |TAMS 0x0000000089300000, 0x0000000089300000| Untracked 
| 148|0x0000000089400000, 0x0000000089400000, 0x0000000089500000|  0%| F|  |TAMS 0x0000000089400000, 0x0000000089400000| Untracked 
| 149|0x0000000089500000, 0x0000000089500000, 0x0000000089600000|  0%| F|  |TAMS 0x0000000089500000, 0x0000000089500000| Untracked 
| 150|0x0000000089600000, 0x0000000089600000, 0x0000000089700000|  0%| F|  |TAMS 0x0000000089600000, 0x0000000089600000| Untracked 
| 151|0x0000000089700000, 0x0000000089700000, 0x0000000089800000|  0%| F|  |TAMS 0x0000000089700000, 0x0000000089700000| Untracked 
| 152|0x0000000089800000, 0x0000000089800000, 0x0000000089900000|  0%| F|  |TAMS 0x0000000089800000, 0x0000000089800000| Untracked 
| 153|0x0000000089900000, 0x0000000089900000, 0x0000000089a00000|  0%| F|  |TAMS 0x0000000089900000, 0x0000000089900000| Untracked 
| 154|0x0000000089a00000, 0x0000000089a00000, 0x0000000089b00000|  0%| F|  |TAMS 0x0000000089a00000, 0x0000000089a00000| Untracked 
| 155|0x0000000089b00000, 0x0000000089b00000, 0x0000000089c00000|  0%| F|  |TAMS 0x0000000089b00000, 0x0000000089b00000| Untracked 
| 156|0x0000000089c00000, 0x0000000089c00000, 0x0000000089d00000|  0%| F|  |TAMS 0x0000000089c00000, 0x0000000089c00000| Untracked 
| 157|0x0000000089d00000, 0x0000000089d00000, 0x0000000089e00000|  0%| F|  |TAMS 0x0000000089d00000, 0x0000000089d00000| Untracked 
| 158|0x0000000089e00000, 0x0000000089e00000, 0x0000000089f00000|  0%| F|  |TAMS 0x0000000089e00000, 0x0000000089e00000| Untracked 
| 159|0x0000000089f00000, 0x0000000089f00000, 0x000000008a000000|  0%| F|  |TAMS 0x0000000089f00000, 0x0000000089f00000| Untracked 
| 160|0x000000008a000000, 0x000000008a000000, 0x000000008a100000|  0%| F|  |TAMS 0x000000008a000000, 0x000000008a000000| Untracked 
| 161|0x000000008a100000, 0x000000008a100000, 0x000000008a200000|  0%| F|  |TAMS 0x000000008a100000, 0x000000008a100000| Untracked 
| 162|0x000000008a200000, 0x000000008a200000, 0x000000008a300000|  0%| F|  |TAMS 0x000000008a200000, 0x000000008a200000| Untracked 
| 163|0x000000008a300000, 0x000000008a300000, 0x000000008a400000|  0%| F|  |TAMS 0x000000008a300000, 0x000000008a300000| Untracked 
| 164|0x000000008a400000, 0x000000008a400000, 0x000000008a500000|  0%| F|  |TAMS 0x000000008a400000, 0x000000008a400000| Untracked 
| 165|0x000000008a500000, 0x000000008a500000, 0x000000008a600000|  0%| F|  |TAMS 0x000000008a500000, 0x000000008a500000| Untracked 
| 166|0x000000008a600000, 0x000000008a600000, 0x000000008a700000|  0%| F|  |TAMS 0x000000008a600000, 0x000000008a600000| Untracked 
| 167|0x000000008a700000, 0x000000008a700000, 0x000000008a800000|  0%| F|  |TAMS 0x000000008a700000, 0x000000008a700000| Untracked 
| 168|0x000000008a800000, 0x000000008a800000, 0x000000008a900000|  0%| F|  |TAMS 0x000000008a800000, 0x000000008a800000| Untracked 
| 169|0x000000008a900000, 0x000000008a900000, 0x000000008aa00000|  0%| F|  |TAMS 0x000000008a900000, 0x000000008a900000| Untracked 
| 170|0x000000008aa00000, 0x000000008aa00000, 0x000000008ab00000|  0%| F|  |TAMS 0x000000008aa00000, 0x000000008aa00000| Untracked 
| 171|0x000000008ab00000, 0x000000008ab00000, 0x000000008ac00000|  0%| F|  |TAMS 0x000000008ab00000, 0x000000008ab00000| Untracked 
| 172|0x000000008ac00000, 0x000000008ac00000, 0x000000008ad00000|  0%| F|  |TAMS 0x000000008ac00000, 0x000000008ac00000| Untracked 
| 173|0x000000008ad00000, 0x000000008ad00000, 0x000000008ae00000|  0%| F|  |TAMS 0x000000008ad00000, 0x000000008ad00000| Untracked 
| 174|0x000000008ae00000, 0x000000008ae00000, 0x000000008af00000|  0%| F|  |TAMS 0x000000008ae00000, 0x000000008ae00000| Untracked 
| 175|0x000000008af00000, 0x000000008af00000, 0x000000008b000000|  0%| F|  |TAMS 0x000000008af00000, 0x000000008af00000| Untracked 
| 176|0x000000008b000000, 0x000000008b000000, 0x000000008b100000|  0%| F|  |TAMS 0x000000008b000000, 0x000000008b000000| Untracked 
| 177|0x000000008b100000, 0x000000008b100000, 0x000000008b200000|  0%| F|  |TAMS 0x000000008b100000, 0x000000008b100000| Untracked 
| 178|0x000000008b200000, 0x000000008b200000, 0x000000008b300000|  0%| F|  |TAMS 0x000000008b200000, 0x000000008b200000| Untracked 
| 179|0x000000008b300000, 0x000000008b300000, 0x000000008b400000|  0%| F|  |TAMS 0x000000008b300000, 0x000000008b300000| Untracked 
| 180|0x000000008b400000, 0x000000008b400000, 0x000000008b500000|  0%| F|  |TAMS 0x000000008b400000, 0x000000008b400000| Untracked 
| 181|0x000000008b500000, 0x000000008b500000, 0x000000008b600000|  0%| F|  |TAMS 0x000000008b500000, 0x000000008b500000| Untracked 
| 182|0x000000008b600000, 0x000000008b600000, 0x000000008b700000|  0%| F|  |TAMS 0x000000008b600000, 0x000000008b600000| Untracked 
| 183|0x000000008b700000, 0x000000008b700000, 0x000000008b800000|  0%| F|  |TAMS 0x000000008b700000, 0x000000008b700000| Untracked 
| 184|0x000000008b800000, 0x000000008b800000, 0x000000008b900000|  0%| F|  |TAMS 0x000000008b800000, 0x000000008b800000| Untracked 
| 185|0x000000008b900000, 0x000000008b900000, 0x000000008ba00000|  0%| F|  |TAMS 0x000000008b900000, 0x000000008b900000| Untracked 
| 186|0x000000008ba00000, 0x000000008ba00000, 0x000000008bb00000|  0%| F|  |TAMS 0x000000008ba00000, 0x000000008ba00000| Untracked 
| 187|0x000000008bb00000, 0x000000008bb00000, 0x000000008bc00000|  0%| F|  |TAMS 0x000000008bb00000, 0x000000008bb00000| Untracked 
| 188|0x000000008bc00000, 0x000000008bc00000, 0x000000008bd00000|  0%| F|  |TAMS 0x000000008bc00000, 0x000000008bc00000| Untracked 
| 189|0x000000008bd00000, 0x000000008bd00000, 0x000000008be00000|  0%| F|  |TAMS 0x000000008bd00000, 0x000000008bd00000| Untracked 
| 190|0x000000008be00000, 0x000000008be00000, 0x000000008bf00000|  0%| F|  |TAMS 0x000000008be00000, 0x000000008be00000| Untracked 
| 191|0x000000008bf00000, 0x000000008bf00000, 0x000000008c000000|  0%| F|  |TAMS 0x000000008bf00000, 0x000000008bf00000| Untracked 
| 192|0x000000008c000000, 0x000000008c000000, 0x000000008c100000|  0%| F|  |TAMS 0x000000008c000000, 0x000000008c000000| Untracked 
| 193|0x000000008c100000, 0x000000008c100000, 0x000000008c200000|  0%| F|  |TAMS 0x000000008c100000, 0x000000008c100000| Untracked 
| 194|0x000000008c200000, 0x000000008c200000, 0x000000008c300000|  0%| F|  |TAMS 0x000000008c200000, 0x000000008c200000| Untracked 
| 195|0x000000008c300000, 0x000000008c300000, 0x000000008c400000|  0%| F|  |TAMS 0x000000008c300000, 0x000000008c300000| Untracked 
| 196|0x000000008c400000, 0x000000008c400000, 0x000000008c500000|  0%| F|  |TAMS 0x000000008c400000, 0x000000008c400000| Untracked 
| 197|0x000000008c500000, 0x000000008c500000, 0x000000008c600000|  0%| F|  |TAMS 0x000000008c500000, 0x000000008c500000| Untracked 
| 198|0x000000008c600000, 0x000000008c600000, 0x000000008c700000|  0%| F|  |TAMS 0x000000008c600000, 0x000000008c600000| Untracked 
| 199|0x000000008c700000, 0x000000008c700000, 0x000000008c800000|  0%| F|  |TAMS 0x000000008c700000, 0x000000008c700000| Untracked 
| 200|0x000000008c800000, 0x000000008c800000, 0x000000008c900000|  0%| F|  |TAMS 0x000000008c800000, 0x000000008c800000| Untracked 
| 201|0x000000008c900000, 0x000000008c900000, 0x000000008ca00000|  0%| F|  |TAMS 0x000000008c900000, 0x000000008c900000| Untracked 
| 202|0x000000008ca00000, 0x000000008ca00000, 0x000000008cb00000|  0%| F|  |TAMS 0x000000008ca00000, 0x000000008ca00000| Untracked 
| 203|0x000000008cb00000, 0x000000008cb00000, 0x000000008cc00000|  0%| F|  |TAMS 0x000000008cb00000, 0x000000008cb00000| Untracked 
| 204|0x000000008cc00000, 0x000000008cc00000, 0x000000008cd00000|  0%| F|  |TAMS 0x000000008cc00000, 0x000000008cc00000| Untracked 
| 205|0x000000008cd00000, 0x000000008cd00000, 0x000000008ce00000|  0%| F|  |TAMS 0x000000008cd00000, 0x000000008cd00000| Untracked 
| 206|0x000000008ce00000, 0x000000008ce00000, 0x000000008cf00000|  0%| F|  |TAMS 0x000000008ce00000, 0x000000008ce00000| Untracked 
| 207|0x000000008cf00000, 0x000000008cf00000, 0x000000008d000000|  0%| F|  |TAMS 0x000000008cf00000, 0x000000008cf00000| Untracked 
| 208|0x000000008d000000, 0x000000008d000000, 0x000000008d100000|  0%| F|  |TAMS 0x000000008d000000, 0x000000008d000000| Untracked 
| 209|0x000000008d100000, 0x000000008d100000, 0x000000008d200000|  0%| F|  |TAMS 0x000000008d100000, 0x000000008d100000| Untracked 
| 210|0x000000008d200000, 0x000000008d200000, 0x000000008d300000|  0%| F|  |TAMS 0x000000008d200000, 0x000000008d200000| Untracked 
| 211|0x000000008d300000, 0x000000008d300000, 0x000000008d400000|  0%| F|  |TAMS 0x000000008d300000, 0x000000008d300000| Untracked 
| 212|0x000000008d400000, 0x000000008d400000, 0x000000008d500000|  0%| F|  |TAMS 0x000000008d400000, 0x000000008d400000| Untracked 
| 213|0x000000008d500000, 0x000000008d500000, 0x000000008d600000|  0%| F|  |TAMS 0x000000008d500000, 0x000000008d500000| Untracked 
| 214|0x000000008d600000, 0x000000008d600000, 0x000000008d700000|  0%| F|  |TAMS 0x000000008d600000, 0x000000008d600000| Untracked 
| 215|0x000000008d700000, 0x000000008d700000, 0x000000008d800000|  0%| F|  |TAMS 0x000000008d700000, 0x000000008d700000| Untracked 
| 216|0x000000008d800000, 0x000000008d800000, 0x000000008d900000|  0%| F|  |TAMS 0x000000008d800000, 0x000000008d800000| Untracked 
| 217|0x000000008d900000, 0x000000008d900000, 0x000000008da00000|  0%| F|  |TAMS 0x000000008d900000, 0x000000008d900000| Untracked 
| 218|0x000000008da00000, 0x000000008da00000, 0x000000008db00000|  0%| F|  |TAMS 0x000000008da00000, 0x000000008da00000| Untracked 
| 219|0x000000008db00000, 0x000000008db00000, 0x000000008dc00000|  0%| F|  |TAMS 0x000000008db00000, 0x000000008db00000| Untracked 
| 220|0x000000008dc00000, 0x000000008dc00000, 0x000000008dd00000|  0%| F|  |TAMS 0x000000008dc00000, 0x000000008dc00000| Untracked 
| 221|0x000000008dd00000, 0x000000008dd00000, 0x000000008de00000|  0%| F|  |TAMS 0x000000008dd00000, 0x000000008dd00000| Untracked 
| 222|0x000000008de00000, 0x000000008de80800, 0x000000008df00000| 50%| E|  |TAMS 0x000000008de00000, 0x000000008de00000| Complete 
| 223|0x000000008df00000, 0x000000008e000000, 0x000000008e000000|100%| E|CS|TAMS 0x000000008df00000, 0x000000008df00000| Complete 
| 224|0x000000008e000000, 0x000000008e100000, 0x000000008e100000|100%| E|CS|TAMS 0x000000008e000000, 0x000000008e000000| Complete 
| 225|0x000000008e100000, 0x000000008e200000, 0x000000008e200000|100%| E|CS|TAMS 0x000000008e100000, 0x000000008e100000| Complete 
| 226|0x000000008e200000, 0x000000008e300000, 0x000000008e300000|100%| S|CS|TAMS 0x000000008e200000, 0x000000008e200000| Complete 
| 227|0x000000008e300000, 0x000000008e400000, 0x000000008e400000|100%| S|CS|TAMS 0x000000008e300000, 0x000000008e300000| Complete 
| 228|0x000000008e400000, 0x000000008e500000, 0x000000008e500000|100%| E|CS|TAMS 0x000000008e400000, 0x000000008e400000| Complete 
| 229|0x000000008e500000, 0x000000008e600000, 0x000000008e600000|100%| E|CS|TAMS 0x000000008e500000, 0x000000008e500000| Complete 

Card table byte_map: [0x000002e475260000,0x000002e475660000] _byte_map_base: 0x000002e474e60000

Marking Bits (Prev, Next): (CMBitMap*) 0x000002e4710501a8, (CMBitMap*) 0x000002e4710501e0
 Prev Bits: [0x000002e475a60000, 0x000002e477a60000)
 Next Bits: [0x000002e477a60000, 0x000002e479a60000)

Polling page: 0x000002e46f020000

Metaspace:

Usage:
  Non-class:    117.76 MB capacity,   114.80 MB ( 97%) used,     2.41 MB (  2%) free+waste,   564.38 KB ( <1%) overhead. 
      Class:     17.65 MB capacity,    15.97 MB ( 91%) used,     1.43 MB (  8%) free+waste,   245.88 KB (  1%) overhead. 
       Both:    135.41 MB capacity,   130.78 MB ( 97%) used,     3.84 MB (  3%) free+waste,   810.25 KB ( <1%) overhead. 

Virtual space:
  Non-class space:      118.00 MB reserved,     117.92 MB (>99%) committed 
      Class space:        1.00 GB reserved,      17.82 MB (  2%) committed 
             Both:        1.12 GB reserved,     135.75 MB ( 12%) committed 

Chunk freelists:
   Non-Class:  162.00 KB
       Class:  107.00 KB
        Both:  269.00 KB

MaxMetaspaceSize: 17179869184.00 GB
CompressedClassSpaceSize: 1.00 GB
Initial GC threshold: 20.80 MB
Current GC threshold: 226.25 MB
CDS: off

CodeHeap 'non-profiled nmethods': size=120000Kb used=23409Kb max_used=23454Kb free=96590Kb
 bounds [0x000002e407ad0000, 0x000002e4091d0000, 0x000002e40f000000]
CodeHeap 'profiled nmethods': size=120000Kb used=58588Kb max_used=59874Kb free=61411Kb
 bounds [0x000002e4005a0000, 0x000002e404060000, 0x000002e407ad0000]
CodeHeap 'non-nmethods': size=5760Kb used=2475Kb max_used=2548Kb free=3284Kb
 bounds [0x000002e400000000, 0x000002e400290000, 0x000002e4005a0000]
 total_blobs=27140 nmethods=26145 adapters=904
 compilation: enabled
              stopped_count=0, restarted_count=0
 full_count=0

Compilation events (20 events):
Event: 2529.208 Thread 0x000002e415596000 30281       4       sun.nio.cs.StreamDecoder::implRead (243 bytes)
Event: 2529.234 Thread 0x000002e415596000 nmethod 30281 0x000002e40829d910 code [0x000002e40829db60, 0x000002e40829ea68]
Event: 2529.234 Thread 0x000002e415596000 30282       4       java.io.InputStreamReader::read (11 bytes)
Event: 2529.236 Thread 0x000002e415596000 nmethod 30282 0x000002e40826a710 code [0x000002e40826a8c0, 0x000002e40826ada8]
Event: 2529.241 Thread 0x000002e47ce5f000 30283       3       com.android.ide.common.resources.ResourceMerger::createFromXml (7 bytes)
Event: 2529.241 Thread 0x000002e47ce5c000 nmethod 30280 0x000002e40849a790 code [0x000002e40849aa00, 0x000002e40849c048]
Event: 2529.241 Thread 0x000002e47ce5f000 nmethod 30283 0x000002e402393810 code [0x000002e4023939c0, 0x000002e402393b08]
Event: 2529.241 Thread 0x000002e47ce5f000 30284       3       com.android.ide.common.resources.DataSet::setIgnoredPatterns (13 bytes)
Event: 2529.242 Thread 0x000002e415596000 30286       4       com.android.ide.common.resources.ValueResourceParser2::getResource (73 bytes)
Event: 2529.242 Thread 0x000002e47ce5c000 30287       4       com.android.ide.common.resources.ValueResourceNameValidator::validate (38 bytes)
Event: 2529.243 Thread 0x000002e47ce5f000 nmethod 30284 0x000002e40143fd10 code [0x000002e401440000, 0x000002e401440e48]
Event: 2529.243 Thread 0x000002e47ce5f000 30285       3       com.android.ide.common.resources.PatternBasedFileFilter::<init> (35 bytes)
Event: 2529.244 Thread 0x000002e47ce5f000 nmethod 30285 0x000002e401f32790 code [0x000002e401f32a60, 0x000002e401f33788]
Event: 2529.259 Thread 0x000002e47ce5f000 30293       3       com.android.resources.UiMode::getEnum (42 bytes)
Event: 2529.301 Thread 0x000002e47ce5f000 nmethod 30293 0x000002e400a27590 code [0x000002e400a27780, 0x000002e400a27bf8]
Event: 2529.302 Thread 0x000002e47ce5f000 30292       3       com.android.ide.common.resources.configuration.UiModeQualifier::checkAndSet (29 bytes)
Event: 2529.302 Thread 0x000002e47ce5c000 nmethod 30287 0x000002e408328f90 code [0x000002e408329180, 0x000002e408329e28]
Event: 2529.302 Thread 0x000002e47ce5c000 30291   !   4       com.android.ide.common.resources.ResourceSet::createFileAndItemsFromXml (583 bytes)
Event: 2529.302 Thread 0x000002e47ce5f000 nmethod 30292 0x000002e40192ff10 code [0x000002e401930120, 0x000002e401930708]
Event: 2529.302 Thread 0x000002e47ce5f000 30294       3       com.android.ide.common.resources.configuration.TouchScreenQualifier::checkAndSet (34 bytes)

GC Heap History (20 events):
Event: 2314.649 GC heap before
{Heap before GC invocations=184 (full 0):
 garbage-first heap   total 235520K, used 175753K [0x0000000080000000, 0x0000000100000000)
  region size 1024K, 53 young (54272K), 2 survivors (2048K)
 Metaspace       used 133507K, capacity 138186K, committed 138748K, reserved 1169408K
  class space    used 16352K, capacity 18070K, committed 18252K, reserved 1048576K
}
Event: 2314.683 GC heap after
{Heap after GC invocations=185 (full 0):
 garbage-first heap   total 235520K, used 106362K [0x0000000080000000, 0x0000000100000000)
  region size 1024K, 6 young (6144K), 6 survivors (6144K)
 Metaspace       used 133507K, capacity 138186K, committed 138748K, reserved 1169408K
  class space    used 16352K, capacity 18070K, committed 18252K, reserved 1048576K
}
Event: 2314.736 GC heap before
{Heap before GC invocations=185 (full 0):
 garbage-first heap   total 235520K, used 110458K [0x0000000080000000, 0x0000000100000000)
  region size 1024K, 11 young (11264K), 6 survivors (6144K)
 Metaspace       used 133507K, capacity 138186K, committed 138748K, reserved 1169408K
  class space    used 16352K, capacity 18070K, committed 18252K, reserved 1048576K
}
Event: 2314.770 GC heap after
{Heap after GC invocations=186 (full 0):
 garbage-first heap   total 235520K, used 101478K [0x0000000080000000, 0x0000000100000000)
  region size 1024K, 1 young (1024K), 1 survivors (1024K)
 Metaspace       used 133507K, capacity 138186K, committed 138748K, reserved 1169408K
  class space    used 16352K, capacity 18070K, committed 18252K, reserved 1048576K
}
Event: 2332.411 GC heap before
{Heap before GC invocations=186 (full 0):
 garbage-first heap   total 235520K, used 159846K [0x0000000080000000, 0x0000000100000000)
  region size 1024K, 59 young (60416K), 1 survivors (1024K)
 Metaspace       used 133558K, capacity 138255K, committed 138748K, reserved 1169408K
  class space    used 16352K, capacity 18070K, committed 18252K, reserved 1048576K
}
Event: 2332.439 GC heap after
{Heap after GC invocations=187 (full 0):
 garbage-first heap   total 235520K, used 106709K [0x0000000080000000, 0x0000000100000000)
  region size 1024K, 6 young (6144K), 6 survivors (6144K)
 Metaspace       used 133558K, capacity 138255K, committed 138748K, reserved 1169408K
  class space    used 16352K, capacity 18070K, committed 18252K, reserved 1048576K
}
Event: 2333.459 GC heap before
{Heap before GC invocations=188 (full 0):
 garbage-first heap   total 235520K, used 167125K [0x0000000080000000, 0x0000000100000000)
  region size 1024K, 66 young (67584K), 6 survivors (6144K)
 Metaspace       used 133657K, capacity 138452K, committed 139004K, reserved 1169408K
  class space    used 16354K, capacity 18070K, committed 18252K, reserved 1048576K
}
Event: 2333.479 GC heap after
{Heap after GC invocations=189 (full 0):
 garbage-first heap   total 235520K, used 118040K [0x0000000080000000, 0x0000000100000000)
  region size 1024K, 9 young (9216K), 9 survivors (9216K)
 Metaspace       used 133657K, capacity 138452K, committed 139004K, reserved 1169408K
  class space    used 16354K, capacity 18070K, committed 18252K, reserved 1048576K
}
Event: 2333.484 GC heap before
{Heap before GC invocations=189 (full 0):
 garbage-first heap   total 235520K, used 120088K [0x0000000080000000, 0x0000000100000000)
  region size 1024K, 11 young (11264K), 9 survivors (9216K)
 Metaspace       used 133658K, capacity 138452K, committed 139004K, reserved 1169408K
  class space    used 16354K, capacity 18070K, committed 18252K, reserved 1048576K
}
Event: 2333.505 GC heap after
{Heap after GC invocations=190 (full 0):
 garbage-first heap   total 235520K, used 110966K [0x0000000080000000, 0x0000000100000000)
  region size 1024K, 2 young (2048K), 2 survivors (2048K)
 Metaspace       used 133658K, capacity 138452K, committed 139004K, reserved 1169408K
  class space    used 16354K, capacity 18070K, committed 18252K, reserved 1048576K
}
Event: 2333.641 GC heap before
{Heap before GC invocations=190 (full 0):
 garbage-first heap   total 235520K, used 124278K [0x0000000080000000, 0x0000000100000000)
  region size 1024K, 16 young (16384K), 2 survivors (2048K)
 Metaspace       used 133721K, capacity 138518K, committed 139004K, reserved 1169408K
  class space    used 16354K, capacity 18070K, committed 18252K, reserved 1048576K
}
Event: 2333.649 GC heap after
{Heap after GC invocations=191 (full 0):
 garbage-first heap   total 235520K, used 111550K [0x0000000080000000, 0x0000000100000000)
  region size 1024K, 2 young (2048K), 2 survivors (2048K)
 Metaspace       used 133721K, capacity 138518K, committed 139004K, reserved 1169408K
  class space    used 16354K, capacity 18070K, committed 18252K, reserved 1048576K
}
Event: 2334.018 GC heap before
{Heap before GC invocations=192 (full 0):
 garbage-first heap   total 235520K, used 177086K [0x0000000080000000, 0x0000000100000000)
  region size 1024K, 65 young (66560K), 2 survivors (2048K)
 Metaspace       used 133797K, capacity 138592K, committed 139004K, reserved 1169408K
  class space    used 16354K, capacity 18070K, committed 18252K, reserved 1048576K
}
Event: 2334.025 GC heap after
{Heap after GC invocations=193 (full 0):
 garbage-first heap   total 235520K, used 117953K [0x0000000080000000, 0x0000000100000000)
  region size 1024K, 9 young (9216K), 9 survivors (9216K)
 Metaspace       used 133797K, capacity 138592K, committed 139004K, reserved 1169408K
  class space    used 16354K, capacity 18070K, committed 18252K, reserved 1048576K
}
Event: 2334.035 GC heap before
{Heap before GC invocations=193 (full 0):
 garbage-first heap   total 235520K, used 118977K [0x0000000080000000, 0x0000000100000000)
  region size 1024K, 11 young (11264K), 9 survivors (9216K)
 Metaspace       used 133797K, capacity 138592K, committed 139004K, reserved 1169408K
  class space    used 16354K, capacity 18070K, committed 18252K, reserved 1048576K
}
Event: 2334.051 GC heap after
{Heap after GC invocations=194 (full 0):
 garbage-first heap   total 235520K, used 107148K [0x0000000080000000, 0x0000000100000000)
  region size 1024K, 2 young (2048K), 2 survivors (2048K)
 Metaspace       used 133797K, capacity 138592K, committed 139004K, reserved 1169408K
  class space    used 16354K, capacity 18070K, committed 18252K, reserved 1048576K
}
Event: 2334.089 GC heap before
{Heap before GC invocations=194 (full 0):
 garbage-first heap   total 235520K, used 111244K [0x0000000080000000, 0x0000000100000000)
  region size 1024K, 8 young (8192K), 2 survivors (2048K)
 Metaspace       used 133825K, capacity 138658K, committed 139004K, reserved 1169408K
  class space    used 16354K, capacity 18070K, committed 18252K, reserved 1048576K
}
Event: 2334.093 GC heap after
{Heap after GC invocations=195 (full 0):
 garbage-first heap   total 235520K, used 107501K [0x0000000080000000, 0x0000000100000000)
  region size 1024K, 2 young (2048K), 2 survivors (2048K)
 Metaspace       used 133825K, capacity 138658K, committed 139004K, reserved 1169408K
  class space    used 16354K, capacity 18070K, committed 18252K, reserved 1048576K
}
Event: 2529.272 GC heap before
{Heap before GC invocations=196 (full 0):
 garbage-first heap   total 235520K, used 202733K [0x0000000080000000, 0x0000000100000000)
  region size 1024K, 72 young (73728K), 2 survivors (2048K)
 Metaspace       used 133906K, capacity 138660K, committed 139004K, reserved 1169408K
  class space    used 16355K, capacity 18070K, committed 18252K, reserved 1048576K
}
Event: 2529.301 GC heap after
{Heap after GC invocations=197 (full 0):
 garbage-first heap   total 235520K, used 120750K [0x0000000080000000, 0x0000000100000000)
  region size 1024K, 9 young (9216K), 9 survivors (9216K)
 Metaspace       used 133906K, capacity 138660K, committed 139004K, reserved 1169408K
  class space    used 16355K, capacity 18070K, committed 18252K, reserved 1048576K
}

Deoptimization events (20 events):
Event: 2334.081 Thread 0x000002e47e6d8000 DEOPT PACKING pc=0x000002e4020c0a9d sp=0x000000f2c71fc990
Event: 2334.081 Thread 0x000002e47e6d8000 DEOPT UNPACKING pc=0x000002e400049d0e sp=0x000000f2c71fbe80 mode 0
Event: 2334.082 Thread 0x000002e47e6d8000 DEOPT PACKING pc=0x000002e4020c0a9d sp=0x000000f2c71fc990
Event: 2334.082 Thread 0x000002e47e6d8000 DEOPT UNPACKING pc=0x000002e400049d0e sp=0x000000f2c71fbe80 mode 0
Event: 2334.083 Thread 0x000002e47e6d8000 DEOPT PACKING pc=0x000002e400ac1ba1 sp=0x000000f2c71fcbd0
Event: 2334.083 Thread 0x000002e47e6d8000 DEOPT UNPACKING pc=0x000002e400049d0e sp=0x000000f2c71fc100 mode 0
Event: 2334.097 Thread 0x000002e47e6d8000 DEOPT PACKING pc=0x000002e400c38985 sp=0x000000f2c71fcc60
Event: 2334.097 Thread 0x000002e47e6d8000 DEOPT UNPACKING pc=0x000002e400049d0e sp=0x000000f2c71fc118 mode 0
Event: 2334.124 Thread 0x000002e413890000 Uncommon trap: trap_request=0xffffff7e fr.pc=0x000002e4085e3f34 relative=0x0000000000000174
Event: 2334.124 Thread 0x000002e413890000 Uncommon trap: reason=predicate action=maybe_recompile pc=0x000002e4085e3f34 method=java.util.Collections.indexedBinarySearch(Ljava/util/List;Ljava/lang/Object;)I @ 13 c2
Event: 2334.124 Thread 0x000002e413890000 DEOPT PACKING pc=0x000002e4085e3f34 sp=0x000000f2c5ffe860
Event: 2334.124 Thread 0x000002e413890000 DEOPT UNPACKING pc=0x000002e4000085af sp=0x000000f2c5ffe788 mode 2
Event: 2334.124 Thread 0x000002e413890000 Uncommon trap: trap_request=0xffffffc6 fr.pc=0x000002e408fab2c8 relative=0x0000000000001c28
Event: 2334.124 Thread 0x000002e413890000 Uncommon trap: reason=bimorphic_or_optimized_type_check action=maybe_recompile pc=0x000002e408fab2c8 method=org.gradle.cache.internal.btree.FileBackedBlockStore$BlockImpl.write()V @ 29 c2
Event: 2334.124 Thread 0x000002e413890000 DEOPT PACKING pc=0x000002e408fab2c8 sp=0x000000f2c5ffe8b0
Event: 2334.124 Thread 0x000002e413890000 DEOPT UNPACKING pc=0x000002e4000085af sp=0x000000f2c5ffe808 mode 2
Event: 2334.153 Thread 0x000002e413890000 Uncommon trap: trap_request=0xffffffc6 fr.pc=0x000002e408fab2c8 relative=0x0000000000001c28
Event: 2334.153 Thread 0x000002e413890000 Uncommon trap: reason=bimorphic_or_optimized_type_check action=maybe_recompile pc=0x000002e408fab2c8 method=org.gradle.cache.internal.btree.FileBackedBlockStore$BlockImpl.write()V @ 29 c2
Event: 2334.153 Thread 0x000002e413890000 DEOPT PACKING pc=0x000002e408fab2c8 sp=0x000000f2c5ffe8b0
Event: 2334.153 Thread 0x000002e413890000 DEOPT UNPACKING pc=0x000002e4000085af sp=0x000000f2c5ffe808 mode 2

Classes redefined (0 events):
No events

Internal exceptions (20 events):
Event: 2333.681 Thread 0x000002e47e6dc000 Exception <a 'sun/nio/fs/WindowsException'{0x000000008e471850}> (0x000000008e471850) thrown at [./src/hotspot/share/prims/jni.cpp, line 616]
Event: 2333.682 Thread 0x000002e47e6db000 Exception <a 'sun/nio/fs/WindowsException'{0x000000008e4755e8}> (0x000000008e4755e8) thrown at [./src/hotspot/share/prims/jni.cpp, line 616]
Event: 2333.880 Thread 0x000002e47e6da800 Exception <a 'sun/nio/fs/WindowsException'{0x000000008c2ba018}> (0x000000008c2ba018) thrown at [./src/hotspot/share/prims/jni.cpp, line 616]
Event: 2333.908 Thread 0x000002e47e6dc000 Exception <a 'sun/nio/fs/WindowsException'{0x000000008b8c8d10}> (0x000000008b8c8d10) thrown at [./src/hotspot/share/prims/jni.cpp, line 616]
Event: 2333.923 Thread 0x000002e47e6d9800 Exception <a 'sun/nio/fs/WindowsException'{0x000000008b6cbec8}> (0x000000008b6cbec8) thrown at [./src/hotspot/share/prims/jni.cpp, line 616]
Event: 2333.988 Thread 0x000002e47e6db000 Exception <a 'sun/nio/fs/WindowsException'{0x000000008aaf9858}> (0x000000008aaf9858) thrown at [./src/hotspot/share/prims/jni.cpp, line 616]
Event: 2334.016 Thread 0x000002e47e6db000 Exception <a 'sun/nio/fs/WindowsException'{0x000000008a5b9388}> (0x000000008a5b9388) thrown at [./src/hotspot/share/prims/jni.cpp, line 616]
Event: 2334.031 Thread 0x000002e47e6db000 Exception <a 'sun/nio/fs/WindowsException'{0x000000008e5e61f0}> (0x000000008e5e61f0) thrown at [./src/hotspot/share/prims/jni.cpp, line 616]
Event: 2334.141 Thread 0x000002e47e6dc000 Exception <a 'sun/nio/fs/WindowsException'{0x000000008e24fe30}> (0x000000008e24fe30) thrown at [./src/hotspot/share/prims/jni.cpp, line 616]
Event: 2334.146 Thread 0x000002e47e6dc000 Exception <a 'sun/nio/fs/WindowsException'{0x000000008e143228}> (0x000000008e143228) thrown at [./src/hotspot/share/prims/jni.cpp, line 616]
Event: 2334.297 Thread 0x000002e4139ba800 Exception <a 'sun/nio/fs/WindowsException'{0x000000008d88e3f8}> (0x000000008d88e3f8) thrown at [./src/hotspot/share/prims/jni.cpp, line 616]
Event: 2334.297 Thread 0x000002e4139ba800 Exception <a 'sun/nio/fs/WindowsException'{0x000000008d88e478}> (0x000000008d88e478) thrown at [./src/hotspot/share/prims/jni.cpp, line 616]
Event: 2334.297 Thread 0x000002e4139ba800 Exception <a 'sun/nio/fs/WindowsException'{0x000000008d88fe50}> (0x000000008d88fe50) thrown at [./src/hotspot/share/prims/jni.cpp, line 616]
Event: 2528.635 Thread 0x000002e4139b9000 Exception <a 'sun/nio/fs/WindowsException'{0x000000008bc65e38}> (0x000000008bc65e38) thrown at [./src/hotspot/share/prims/jni.cpp, line 616]
Event: 2528.751 Thread 0x000002e4139b9000 Exception <a 'java/lang/NoClassDefFoundError'{0x000000008b808b58}: org/jetbrains/kotlin/gradle/plugin/KotlinBasePluginWrapper> (0x000000008b808b58) thrown at [./src/hotspot/share/oops/constantPool.cpp, line 775]
Event: 2528.860 Thread 0x000002e4139b9000 Exception <a 'sun/nio/fs/WindowsException'{0x000000008b748fc8}> (0x000000008b748fc8) thrown at [./src/hotspot/share/prims/jni.cpp, line 616]
Event: 2528.898 Thread 0x000002e4139b9000 Exception <a 'sun/nio/fs/WindowsException'{0x000000008b7ebf30}> (0x000000008b7ebf30) thrown at [./src/hotspot/share/prims/jni.cpp, line 616]
Event: 2528.899 Thread 0x000002e4139b9000 Exception <a 'sun/nio/fs/WindowsException'{0x000000008b7ed180}> (0x000000008b7ed180) thrown at [./src/hotspot/share/prims/jni.cpp, line 616]
Event: 2528.899 Thread 0x000002e4139b9000 Exception <a 'sun/nio/fs/WindowsException'{0x000000008b7ee420}> (0x000000008b7ee420) thrown at [./src/hotspot/share/prims/jni.cpp, line 616]
Event: 2528.899 Thread 0x000002e4139b9000 Exception <a 'sun/nio/fs/WindowsException'{0x000000008b7ef6c0}> (0x000000008b7ef6c0) thrown at [./src/hotspot/share/prims/jni.cpp, line 616]

Events (20 events):
Event: 2528.981 Thread 0x000002e41065f800 Thread added: 0x000002e41065f800
Event: 2528.982 Thread 0x000002e41065b800 Thread added: 0x000002e41065b800
Event: 2528.982 Thread 0x000002e410662000 Thread added: 0x000002e410662000
Event: 2528.982 Thread 0x000002e410664800 Thread added: 0x000002e410664800
Event: 2528.986 Thread 0x000002e410665800 Thread added: 0x000002e410665800
Event: 2529.013 Executing VM operation: RevokeBias
Event: 2529.014 Executing VM operation: RevokeBias done
Event: 2529.016 Executing VM operation: RevokeBias
Event: 2529.016 Executing VM operation: RevokeBias done
Event: 2529.018 Executing VM operation: RevokeBias
Event: 2529.019 Executing VM operation: RevokeBias done
Event: 2529.109 Executing VM operation: RevokeBias
Event: 2529.110 Executing VM operation: RevokeBias done
Event: 2529.115 loading class org/gradle/api/internal/artifacts/dsl/ModuleReplacementsData$Replacement
Event: 2529.115 loading class org/gradle/api/internal/artifacts/dsl/ModuleReplacementsData$Replacement done
Event: 2529.131 loading class org/gradle/internal/operations/DefaultBuildOperationQueue$1
Event: 2529.131 loading class org/gradle/internal/operations/DefaultBuildOperationQueue$1 done
Event: 2529.178 Thread 0x000002e415596000 Thread added: 0x000002e415596000
Event: 2529.264 Executing VM operation: G1CollectForAllocation
Event: 2529.301 Executing VM operation: G1CollectForAllocation done


Dynamic libraries:
0x00007ff7f83b0000 - 0x00007ff7f83ba000 	C:\Program Files\Android\Android Studio\jre\bin\java.exe
0x00007ffaa1900000 - 0x00007ffaa1b09000 	C:\WINDOWS\SYSTEM32\ntdll.dll
0x00007ffaa0b80000 - 0x00007ffaa0c3e000 	C:\WINDOWS\System32\KERNEL32.DLL
0x00007ffa9f400000 - 0x00007ffa9f77b000 	C:\WINDOWS\System32\KERNELBASE.dll
0x00007ffa9ee50000 - 0x00007ffa9ef61000 	C:\WINDOWS\System32\ucrtbase.dll
0x00007ffa8b1e0000 - 0x00007ffa8b1f7000 	C:\Program Files\Android\Android Studio\jre\bin\VCRUNTIME140.dll
0x00007ffa8ad90000 - 0x00007ffa8ada9000 	C:\Program Files\Android\Android Studio\jre\bin\jli.dll
0x00007ffa8b3b0000 - 0x00007ffa8b655000 	C:\WINDOWS\WinSxS\amd64_microsoft.windows.common-controls_6595b64144ccf1df_6.0.22000.120_none_9d947278b86cc467\COMCTL32.dll
0x00007ffaa0ad0000 - 0x00007ffaa0b73000 	C:\WINDOWS\System32\msvcrt.dll
0x00007ffaa06d0000 - 0x00007ffaa087d000 	C:\WINDOWS\System32\USER32.dll
0x00007ffa9f330000 - 0x00007ffa9f356000 	C:\WINDOWS\System32\win32u.dll
0x00007ffaa0120000 - 0x00007ffaa0149000 	C:\WINDOWS\System32\GDI32.dll
0x00007ffa9f0e0000 - 0x00007ffa9f1f8000 	C:\WINDOWS\System32\gdi32full.dll
0x00007ffa9f360000 - 0x00007ffa9f3fd000 	C:\WINDOWS\System32\msvcp_win.dll
0x00007ffaa0150000 - 0x00007ffaa0182000 	C:\WINDOWS\System32\IMM32.DLL
0x00007ffa539c0000 - 0x00007ffa53a5d000 	C:\Program Files\Android\Android Studio\jre\bin\msvcp140.dll
0x00007ffa39f70000 - 0x00007ffa3aa72000 	C:\Program Files\Android\Android Studio\jre\bin\server\jvm.dll
0x00007ffaa1780000 - 0x00007ffaa182e000 	C:\WINDOWS\System32\ADVAPI32.dll
0x00007ffaa0a30000 - 0x00007ffaa0ace000 	C:\WINDOWS\System32\sechost.dll
0x00007ffaa0910000 - 0x00007ffaa0a30000 	C:\WINDOWS\System32\RPCRT4.dll
0x00007ffaa0880000 - 0x00007ffaa0888000 	C:\WINDOWS\System32\PSAPI.DLL
0x00007ffa8a090000 - 0x00007ffa8a099000 	C:\WINDOWS\SYSTEM32\WSOCK32.dll
0x00007ffa99840000 - 0x00007ffa99873000 	C:\WINDOWS\SYSTEM32\WINMM.dll
0x00007ffaa0660000 - 0x00007ffaa06cf000 	C:\WINDOWS\System32\WS2_32.dll
0x00007ffa99700000 - 0x00007ffa9970a000 	C:\WINDOWS\SYSTEM32\VERSION.dll
0x00007ffa9de10000 - 0x00007ffa9de28000 	C:\WINDOWS\SYSTEM32\kernel.appcore.dll
0x00007ffa931e0000 - 0x00007ffa931f1000 	C:\Program Files\Android\Android Studio\jre\bin\verify.dll
0x00007ffa9c710000 - 0x00007ffa9c931000 	C:\WINDOWS\SYSTEM32\DBGHELP.DLL
0x00007ffa94550000 - 0x00007ffa94581000 	C:\WINDOWS\SYSTEM32\dbgcore.DLL
0x00007ffa9edd0000 - 0x00007ffa9ee4f000 	C:\WINDOWS\System32\bcryptPrimitives.dll
0x00007ffa91e20000 - 0x00007ffa91e49000 	C:\Program Files\Android\Android Studio\jre\bin\java.dll
0x00007ffa94910000 - 0x00007ffa9491b000 	C:\Program Files\Android\Android Studio\jre\bin\jimage.dll
0x00007ffa931c0000 - 0x00007ffa931d8000 	C:\Program Files\Android\Android Studio\jre\bin\zip.dll
0x00007ffa9f840000 - 0x00007ffa9fff7000 	C:\WINDOWS\System32\SHELL32.dll
0x00007ffa9ce80000 - 0x00007ffa9d6e5000 	C:\WINDOWS\SYSTEM32\windows.storage.dll
0x00007ffaa12f0000 - 0x00007ffaa1668000 	C:\WINDOWS\System32\combase.dll
0x00007ffa9cd10000 - 0x00007ffa9ce76000 	C:\WINDOWS\SYSTEM32\wintypes.dll
0x00007ffaa03d0000 - 0x00007ffaa04ba000 	C:\WINDOWS\System32\SHCORE.dll
0x00007ffaa1710000 - 0x00007ffaa176d000 	C:\WINDOWS\System32\shlwapi.dll
0x00007ffa9ed00000 - 0x00007ffa9ed21000 	C:\WINDOWS\SYSTEM32\profapi.dll
0x00007ffa92150000 - 0x00007ffa9216a000 	C:\Program Files\Android\Android Studio\jre\bin\net.dll
0x00007ffa9a2f0000 - 0x00007ffa9a404000 	C:\WINDOWS\SYSTEM32\WINHTTP.dll
0x00007ffa9e2a0000 - 0x00007ffa9e307000 	C:\WINDOWS\system32\mswsock.dll
0x00007ffa90450000 - 0x00007ffa90464000 	C:\Program Files\Android\Android Studio\jre\bin\nio.dll
0x00007ffa82a00000 - 0x00007ffa82a27000 	C:\Users\ozaxe\.gradle\native\e1d6ef7f7dcc3fd88c89a11ec53ec762bb8ba0a96d01ffa2cd45eb1d1d8dd5c5\windows-amd64\native-platform.dll
0x00007ffa3cbc0000 - 0x00007ffa3cd04000 	C:\Users\ozaxe\.gradle\native\0d407fdbe67a94daf76414ababcb853783967236a71b16ec16e742cd7a986fd3\windows-amd64\native-platform-file-events.dll
0x00007ffa93dd0000 - 0x00007ffa93dda000 	C:\Program Files\Android\Android Studio\jre\bin\management.dll
0x00007ffa93cb0000 - 0x00007ffa93cbd000 	C:\Program Files\Android\Android Studio\jre\bin\management_ext.dll
0x00007ffa9e580000 - 0x00007ffa9e598000 	C:\WINDOWS\SYSTEM32\CRYPTSP.dll
0x00007ffa9dd70000 - 0x00007ffa9dda5000 	C:\WINDOWS\system32\rsaenh.dll
0x00007ffa9e340000 - 0x00007ffa9e369000 	C:\WINDOWS\SYSTEM32\USERENV.dll
0x00007ffa9e7b0000 - 0x00007ffa9e7d7000 	C:\WINDOWS\SYSTEM32\bcrypt.dll
0x00007ffa9e490000 - 0x00007ffa9e49c000 	C:\WINDOWS\SYSTEM32\CRYPTBASE.dll
0x00007ffa9d940000 - 0x00007ffa9d96d000 	C:\WINDOWS\SYSTEM32\IPHLPAPI.DLL
0x00007ffaa01f0000 - 0x00007ffaa01f9000 	C:\WINDOWS\System32\NSI.dll
0x00007ffa99910000 - 0x00007ffa99929000 	C:\WINDOWS\SYSTEM32\dhcpcsvc6.DLL
0x00007ffa999f0000 - 0x00007ffa99a0e000 	C:\WINDOWS\SYSTEM32\dhcpcsvc.DLL
0x00007ffa9d970000 - 0x00007ffa9da58000 	C:\WINDOWS\SYSTEM32\DNSAPI.dll
0x00007ffa9de30000 - 0x00007ffa9de64000 	C:\WINDOWS\SYSTEM32\ntmarta.dll
0x00007ffa8e960000 - 0x00007ffa8e987000 	C:\Program Files\Android\Android Studio\jre\bin\sunec.dll

dbghelp: loaded successfully - version: 4.0.5 - missing functions: none
symbol engine: initialized successfully - sym options: 0x614 - pdb path: .;C:\Program Files\Android\Android Studio\jre\bin;C:\WINDOWS\SYSTEM32;C:\WINDOWS\WinSxS\amd64_microsoft.windows.common-controls_6595b64144ccf1df_6.0.22000.120_none_9d947278b86cc467;C:\Program Files\Android\Android Studio\jre\bin\server;C:\Users\ozaxe\.gradle\native\e1d6ef7f7dcc3fd88c89a11ec53ec762bb8ba0a96d01ffa2cd45eb1d1d8dd5c5\windows-amd64;C:\Users\ozaxe\.gradle\native\0d407fdbe67a94daf76414ababcb853783967236a71b16ec16e742cd7a986fd3\windows-amd64

VM Arguments:
jvm_args: --add-opens=java.base/java.util=ALL-UNNAMED --add-opens=java.base/java.lang=ALL-UNNAMED --add-opens=java.base/java.lang.invoke=ALL-UNNAMED --add-opens=java.base/java.util=ALL-UNNAMED --add-opens=java.prefs/java.util.prefs=ALL-UNNAMED --add-opens=java.prefs/java.util.prefs=ALL-UNNAMED --add-opens=java.base/java.nio.charset=ALL-UNNAMED --add-opens=java.base/java.net=ALL-UNNAMED --add-opens=java.base/java.util.concurrent.atomic=ALL-UNNAMED -Xmx2048m -Dfile.encoding=UTF-8 -Duser.country=MX -Duser.language=es -Duser.variant 
java_command: org.gradle.launcher.daemon.bootstrap.GradleDaemon 7.4
java_class_path (initial): C:\Users\ozaxe\.gradle\wrapper\dists\gradle-7.4-bin\c0gwcg53nkjbqw7r0h0umtfvt\gradle-7.4\lib\gradle-launcher-7.4.jar
Launcher Type: SUN_STANDARD

[Global flags]
     intx CICompilerCount                          = 4                                         {product} {ergonomic}
     uint ConcGCThreads                            = 2                                         {product} {ergonomic}
     uint G1ConcRefinementThreads                  = 8                                         {product} {ergonomic}
   size_t G1HeapRegionSize                         = 1048576                                   {product} {ergonomic}
    uintx GCDrainStackTargetSize                   = 64                                        {product} {ergonomic}
   size_t InitialHeapSize                          = 132120576                                 {product} {ergonomic}
   size_t MarkStackSize                            = 4194304                                   {product} {ergonomic}
   size_t MaxHeapSize                              = 2147483648                                {product} {command line}
   size_t MaxNewSize                               = 1287651328                                {product} {ergonomic}
   size_t MinHeapDeltaBytes                        = 1048576                                   {product} {ergonomic}
    uintx NonNMethodCodeHeapSize                   = 5836300                                {pd product} {ergonomic}
    uintx NonProfiledCodeHeapSize                  = 122910970                              {pd product} {ergonomic}
    uintx ProfiledCodeHeapSize                     = 122910970                              {pd product} {ergonomic}
    uintx ReservedCodeCacheSize                    = 251658240                              {pd product} {ergonomic}
     bool SegmentedCodeCache                       = true                                      {product} {ergonomic}
     bool UseCompressedClassPointers               = true                                 {lp64_product} {ergonomic}
     bool UseCompressedOops                        = true                                 {lp64_product} {ergonomic}
     bool UseG1GC                                  = true                                      {product} {ergonomic}
     bool UseLargePagesIndividualAllocation        = false                                  {pd product} {ergonomic}

Logging:
Log output configuration:
 #0: stdout all=warning uptime,level,tags
 #1: stderr all=off uptime,level,tags

Environment Variables:
PATH=C:\Program Files (x86)\Common Files\Oracle\Java\javapath;C:\WINDOWS\system32;C:\WINDOWS;C:\WINDOWS\System32\Wbem;C:\WINDOWS\System32\WindowsPowerShell\v1.0\;C:\WINDOWS\System32\OpenSSH\;C:\Program Files (x86)\NVIDIA Corporation\PhysX\Common;C:\Program Files\dotnet\;C:\Program Files\Microchip\xc16\v2.00\bin;C:\Program Files\Java\jdk-18.0.2.1\bin;C:\Program Files\gnuplot\bin;C:\Users\ozaxe\AppData\Local\Microsoft\WindowsApps;C:\Users\ozaxe\AppData\Local\Programs\Microsoft VS Code\bin;C:\Users\ozaxe\AppData\Local\GitHubDesktop\bin
USERNAME=ozaxe
OS=Windows_NT
PROCESSOR_IDENTIFIER=Intel64 Family 6 Model 140 Stepping 1, GenuineIntel



---------------  S Y S T E M  ---------------

OS: Windows 11 , 64 bit Build 22000 (10.0.22000.1335)
OS uptime: 0 days 2:57 hours
Hyper-V role detected

CPU:total 8 (initial active 8) (4 cores per cpu, 2 threads per core) family 6 model 140 stepping 1 microcode 0x86, cmov, cx8, fxsr, mmx, sse, sse2, sse3, ssse3, sse4.1, sse4.2, popcnt, avx, avx2, aes, clmul, erms, 3dnowpref, lzcnt, ht, tsc, tscinvbit, bmi1, bmi2, adx, evex, sha, fma

Memory: 4k page, system-wide physical 7987M (1214M free)
TotalPageFile size 16179M (AvailPageFile size 0M)
current process WorkingSet (physical memory assigned to process): 336M, peak: 506M
current process commit charge ("private bytes"): 677M, peak: 686M

vm_info: OpenJDK 64-Bit Server VM (11.0.13+0-b1751.21-8125866) for windows-amd64 JRE (11.0.13+0-b1751.21-8125866), built on Feb  2 2022 03:00:22 by "builder" with MS VC++ 14.0 (VS2015)

END.
